__________________________________________________________________________

Thu Aug 09 06:20:32 IST 2018

Free Memory: 82059 kB
Total Memory: 101888 kB

java.class.path:
    C:\Users\itluser\AppData\Local\Temp\I1533818455\InstallerData\IAClasses.zip
    C:\Users\itluser\AppData\Local\Temp\I1533818455\InstallerData\Execute.zip
    C:\Users\itluser\AppData\Local\Temp\I1533818455\Windows\InstallerData\Execute.zip
    C:\Users\itluser\AppData\Local\Temp\I1533818455\InstallerData\Resource1.zip
    C:\Users\itluser\AppData\Local\Temp\I1533818455\Windows\InstallerData\Resource1.zip
    C:\Users\itluser\AppData\Local\Temp\I1533818455\InstallerData
    C:\Users\itluser\AppData\Local\Temp\I1533818455\Windows\InstallerData

ZGUtil.CLASS_PATH:
    C:\Users\itluser\AppData\Local\Temp\I1533818455\InstallerData\IAClasses.zip
    C:\Users\itluser\AppData\Local\Temp\I1533818455\InstallerData\Execute.zip
    C:\Users\itluser\AppData\Local\Temp\I1533818455\InstallerData

sun.boot.class.path:
    C:\Program Files\Java\jdk1.8.0_131\jre\lib\resources.jar
    C:\Program Files\Java\jdk1.8.0_131\jre\lib\rt.jar
    C:\Program Files\Java\jdk1.8.0_131\jre\lib\sunrsasign.jar
    C:\Program Files\Java\jdk1.8.0_131\jre\lib\jsse.jar
    C:\Program Files\Java\jdk1.8.0_131\jre\lib\jce.jar
    C:\Program Files\Java\jdk1.8.0_131\jre\lib\charsets.jar
    C:\Program Files\Java\jdk1.8.0_131\jre\lib\jfr.jar
    C:\Program Files\Java\jdk1.8.0_131\jre\classes

java.ext.dirs:
    C:\Program Files\Java\jdk1.8.0_131\jre\lib\ext
    C:\Windows\Sun\Java\lib\ext

java.version                  == 1.8.0_131 (Java 1)
java.vm.name                  == Java HotSpot(TM) 64-Bit Server VM
java.vm.vendor                == Oracle Corporation
java.vm.version               == 25.131-b11
java.vm.specification.name    == Java Virtual Machine Specification
java.vm.specification.vendor  == Oracle Corporation
java.vm.specification.version == 1.8
java.specification.name       == Java Platform API Specification
java.specification.vendor     == Oracle Corporation
java.specification.version    == 1.8
java.vendor                   == Oracle Corporation
java.vendor.url               == http://java.oracle.com/
java.class.version            == 52.0
java.library.path             == C:\Program Files\Java\jdk1.8.0_131\bin;C:\Windows\Sun\Java\bin;C:\Windows\system32;C:\Windows;C:\ProgramData\Oracle\Java\javapath;C:\STAF\bin;C:\Windows\system32;C:\Windows;C:\Windows\System32\Wbem;C:\Windows\System32\WindowsPowerShell\v1.0\;D:\N4_Code_base\n4-app\tools\ant\bin;D:\Backup\activator-1.3.7-minimal;C:\Program Files\Git\bin;C:\Program Files\Microsoft SQL Server\Client SDK\ODBC\130\Tools\Binn\;C:\Program Files (x86)\Microsoft SQL Server\130\Tools\Binn\;C:\Program Files\Microsoft SQL Server\130\Tools\Binn\;C:\Program Files\Microsoft SQL Server\130\DTS\Binn\;C:\Program Files (x86)\Microsoft SQL Server\Client SDK\ODBC\130\Tools\Binn\;C:\Program Files (x86)\Microsoft SQL Server\130\DTS\Binn\;C:\Program Files (x86)\Microsoft SQL Server\130\Tools\Binn\ManagementStudio\;C:\Program Files\nodejs\;C:\Program Files\TortoiseSVN\bin;C:\Users\itluser\Downloads\marathonite\marathonite-5.0;C:\Program Files (x86)\Skype\Phone\;C:\Program Files\Java\jre1.8.0_131\bin;C:\Program Files\Java\jdk1.8.0_131\bin;C:\Program Files\Java\jdk1.8.0_131\bin;C:\Program Files\Java\jdk1.8.0_131\bin;C:\Program Files\Microsoft SQL Server\Client SDK\ODBC\110\Tools\Binn\;C:\Program Files (x86)\Microsoft SQL Server\120\Tools\Binn\;C:\Program Files\Microsoft SQL Server\120\Tools\Binn\;C:\Program Files\Microsoft SQL Server\120\DTS\Binn\;.
java.compiler                 == null
java.home                     == C:\Program Files\Java\jdk1.8.0_131\jre
java.io.tmpdir                == C:\Users\itluser\AppData\Local\Temp\
os.name                       == Microsoft Windows 8.1 Enterprise
os.arch                       == amd64
os.version                    == 6.3.9600
path.separator                == ;
file.separator                == \
file.encoding                 == Cp1252
user.name                     == itluser
user.home                     == C:\Users\itluser
user.dir                      == C:\Users\itluser\AppData\Local\Temp\I1533818455\Windows
user.language                 == en
user.region                   == null
__________________________________________________________________________

Installed Feature(s) Application, Configu of XPS

Install Begin: AUGUST 9, 2018 6:11:13 PM IST
Install End: AUGUST 9, 2018 6:20:25 PM IST

Installed by InstallAnywhere 18.0 Premier Build 5608


User Interactions
-----------------


#Choose Install Set
#------------------
CHOSEN_FEATURE_LIST=Application,Configu
CHOSEN_INSTALL_FEATURE_LIST=Application,Configu
CHOSEN_INSTALL_SET=Green

#Choose Install Folders
#----------------------
USER_INSTALL_DIR=D:\\NAVIS
USER_MAGIC_FOLDER_2=D:\\NAVIS
SHARED_NETWORK_DIR=192.168.1.100

#Yard Topology
#-------------
OPERATOR=LPC
COMPLEX=NZLYT
FACILITY=LCT
YARD=MAIN

#XPS and ECN4 Host
#-----------------
ECN4_HOST_ADDRESS=192.168.1.174
XPS_HOST_ADDRESS=192.168.1.174

#Install
#-------
-fileOverwrite_C\:\\Users\\itluser\\AppData\\Local\\Temp\\382576.tmp\\ant\\build.xml=Yes
-fileOverwrite_C\:\\Users\\itluser\\AppData\\Local\\Temp\\382576.tmp\\ant\\build.properties=Yes
-fileOverwrite_D\:\\NAVIS\\conf_examples\\ecn4_settings_prod.xml=Yes
-fileOverwrite_D\:\\NAVIS\\xps\\uninstall\\UninstallXPS.lax=Yes
-fileOverwrite_D\:\\NAVIS\\xps\\uninstall\\resource\\iawin64_x64.dll=Yes
-fileOverwrite_D\:\\NAVIS\\xps\\uninstall\\resource\\iawin32.dll=Yes
-fileOverwrite_D\:\\NAVIS\\xps\\uninstall\\resource\\win64_32_x64.exe=Yes
-fileOverwrite_D\:\\NAVIS\\xps\\uninstall\\resource\\remove.exe=Yes
-fileOverwrite_D\:\\NAVIS\\xps\\uninstall\\resource\\invoker.exe=Yes

Summary
-------

Installation: Successful with errors.

165 Successes
1 Warnings
2 NonFatalErrors
0 FatalErrors

Action Notes:

None

Install Log Detail:

Check Disk Space:         D:\NAVIS
                          Status: SUCCESSFUL
                          Additional Notes: NOTE - Required Disk Space:231,837,834 Bytes Free Disk Space:137,872,789,504 Bytes 


Execute Command:          cmd /c sc query "bridged"
                          Status: SUCCESSFUL

Execute Command:          cmd /c sc query "Navis XPS"
                          Status: SUCCESSFUL

Custom Action:            com.zerog.ia.customcode.actions.HostInfo
                          Status: SUCCESSFUL

Custom Action:            com.zerog.ia.customcode.utils.ModifyString
                          Status: SUCCESSFUL



Check Disk Space:         D:\NAVIS
                          Status: SUCCESSFUL
                          Additional Notes: NOTE - Required Disk Space:231,837,834 Bytes Free Disk Space:137,872,789,504 Bytes 

Install Directory:        C:\Users\itluser\AppData\Local\Temp\382576.tmp\
                          Status: SUCCESSFUL
                          Additional Notes: NOTE - Directory already existed

Install Directory:        C:\Users\itluser\AppData\Local\Temp\382576.tmp\ant\
                          Status: SUCCESSFUL

Install File:             C:\Users\itluser\AppData\Local\Temp\382576.tmp\ant\build.xml
                          Status: SUCCESSFUL

Install File:             C:\Users\itluser\AppData\Local\Temp\382576.tmp\ant\build.properties
                          Status: SUCCESSFUL

Modify Text File - Single File:   build.properties
                          Status: SUCCESSFUL

Modify Text File - Single File:   build.xml
                          Status: SUCCESSFUL

Install Directory:        D:\NAVIS\
                          Status: SUCCESSFUL
                          Additional Notes: NOTE - Directory already existed

Delete Folder:            Source:bridged
                          Status: SUCCESSFUL
                          Additional Notes: NOTE - Source D:\NAVIS\bridged does not exist.

Delete Folder:            Source:conf_examples
                          Status: SUCCESSFUL
                          Additional Notes: NOTE - Source D:\NAVIS\conf_examples does not exist.

Delete Folder:            Source:xps
                          Status: WARNING
                          Additional Notes: WARNING - There was a problem deleting D:\NAVIS\xps

Install File:             D:\NAVIS\bridged\bin\bridged-32bit.exe
                          Status: SUCCESSFUL

Install File:             D:\NAVIS\bridged\bin\bridged.exe
                          Status: SUCCESSFUL

Install File:             D:\NAVIS\bridged\bin\bridged.sh
                          Status: SUCCESSFUL

Install File:             D:\NAVIS\bridged\bin\bridgedw.exe
                          Status: SUCCESSFUL

Install File:             D:\NAVIS\bridged\conf\bridged.conf
                          Status: SUCCESSFUL

Install File:             D:\NAVIS\bridged\conf\esb\n4-bridge-queue-listener.xml
                          Status: SUCCESSFUL

Install File:             D:\NAVIS\bridged\conf\esb\n4-bridged-mule.xml
                          Status: SUCCESSFUL

Install File:             D:\NAVIS\bridged\conf\log4j.properties
                          Status: SUCCESSFUL

Install File:             D:\NAVIS\bridged\lib\abdera-client-incubating.jar
                          Status: SUCCESSFUL

Install File:             D:\NAVIS\bridged\lib\abdera-core-incubating.jar
                          Status: SUCCESSFUL

Install File:             D:\NAVIS\bridged\lib\abdera-i18n-incubating.jar
                          Status: SUCCESSFUL

Install File:             D:\NAVIS\bridged\lib\abdera-parser-incubating.jar
                          Status: SUCCESSFUL

Install File:             D:\NAVIS\bridged\lib\abdera-server-incubating.jar
                          Status: SUCCESSFUL

Install File:             D:\NAVIS\bridged\lib\abdera-spring-incubating.jar
                          Status: SUCCESSFUL

Install File:             D:\NAVIS\bridged\lib\activemq.jar
                          Status: SUCCESSFUL

Install File:             D:\NAVIS\bridged\lib\asm-commons.jar
                          Status: SUCCESSFUL

Install File:             D:\NAVIS\bridged\lib\asm.jar
                          Status: SUCCESSFUL

Install File:             D:\NAVIS\bridged\lib\axiom-api.jar
                          Status: SUCCESSFUL

Install File:             D:\NAVIS\bridged\lib\axiom-impl.jar
                          Status: SUCCESSFUL

Install File:             D:\NAVIS\bridged\lib\backport-util-concurrent.jar
                          Status: SUCCESSFUL

Install File:             D:\NAVIS\bridged\lib\coherence-mock.jar
                          Status: SUCCESSFUL

Install File:             D:\NAVIS\bridged\lib\commons-beanutils.jar
                          Status: SUCCESSFUL

Install File:             D:\NAVIS\bridged\lib\commons-cli.jar
                          Status: SUCCESSFUL

Install File:             D:\NAVIS\bridged\lib\commons-codec.jar
                          Status: SUCCESSFUL

Install File:             D:\NAVIS\bridged\lib\commons-collections.jar
                          Status: SUCCESSFUL

Install File:             D:\NAVIS\bridged\lib\commons-dbcp.jar
                          Status: SUCCESSFUL

Install File:             D:\NAVIS\bridged\lib\commons-httpclient.jar
                          Status: SUCCESSFUL

Install File:             D:\NAVIS\bridged\lib\commons-io.jar
                          Status: SUCCESSFUL

Install File:             D:\NAVIS\bridged\lib\commons-lang.jar
                          Status: SUCCESSFUL

Install File:             D:\NAVIS\bridged\lib\commons-logging.jar
                          Status: SUCCESSFUL

Install File:             D:\NAVIS\bridged\lib\commons-pool.jar
                          Status: SUCCESSFUL

Install File:             D:\NAVIS\bridged\lib\dom4j.jar
                          Status: SUCCESSFUL

Install File:             D:\NAVIS\bridged\lib\groovy-all.jar
                          Status: SUCCESSFUL

Install File:             D:\NAVIS\bridged\lib\guava.jar
                          Status: SUCCESSFUL

Install File:             D:\NAVIS\bridged\lib\hibernate3.jar
                          Status: SUCCESSFUL

Install File:             D:\NAVIS\bridged\lib\ibeans-annotation-api.jar
                          Status: SUCCESSFUL

Install File:             D:\NAVIS\bridged\lib\ibeans-support.jar
                          Status: SUCCESSFUL

Install File:             D:\NAVIS\bridged\lib\j2ee-connector-1.5-spec.jar
                          Status: SUCCESSFUL

Install File:             D:\NAVIS\bridged\lib\j2ee-jms-1.1-spec.jar
                          Status: SUCCESSFUL

Install File:             D:\NAVIS\bridged\lib\j2ee-management-spec.jar
                          Status: SUCCESSFUL

Install File:             D:\NAVIS\bridged\lib\jackson-core-asl.jar
                          Status: SUCCESSFUL

Install File:             D:\NAVIS\bridged\lib\jackson-mapper-asl.jar
                          Status: SUCCESSFUL

Install File:             D:\NAVIS\bridged\lib\jaxen.jar
                          Status: SUCCESSFUL

Install File:             D:\NAVIS\bridged\lib\jdom.jar
                          Status: SUCCESSFUL

Install File:             D:\NAVIS\bridged\lib\jstaf.jar
                          Status: SUCCESSFUL

Install File:             D:\NAVIS\bridged\lib\jta.jar
                          Status: SUCCESSFUL

Install File:             D:\NAVIS\bridged\lib\jug.jar
                          Status: SUCCESSFUL

Install File:             D:\NAVIS\bridged\lib\log4j.jar
                          Status: SUCCESSFUL

Install File:             D:\NAVIS\bridged\lib\metrics-annotation.jar
                          Status: SUCCESSFUL

Install File:             D:\NAVIS\bridged\lib\metrics-core.jar
                          Status: SUCCESSFUL

Install File:             D:\NAVIS\bridged\lib\metrics-healthchecks.jar
                          Status: SUCCESSFUL

Install File:             D:\NAVIS\bridged\lib\metrics-influxdb.jar
                          Status: SUCCESSFUL

Install File:             D:\NAVIS\bridged\lib\metrics-jvm.jar
                          Status: SUCCESSFUL

Install File:             D:\NAVIS\bridged\lib\metrics-servlets.jar
                          Status: SUCCESSFUL

Install File:             D:\NAVIS\bridged\lib\metrics-spring.jar
                          Status: SUCCESSFUL

Install File:             D:\NAVIS\bridged\lib\mule-module-annotations.jar
                          Status: SUCCESSFUL

Install File:             D:\NAVIS\bridged\lib\mule-module-atom.jar
                          Status: SUCCESSFUL

Install File:             D:\NAVIS\bridged\lib\mule-module-ibeans.jar
                          Status: SUCCESSFUL

Install File:             D:\NAVIS\bridged\lib\mule-module-json.jar
                          Status: SUCCESSFUL

Install File:             D:\NAVIS\bridged\lib\mule-module-rss.jar
                          Status: SUCCESSFUL

Install File:             D:\NAVIS\bridged\lib\mule-tests-functional.jar
                          Status: SUCCESSFUL

Install File:             D:\NAVIS\bridged\lib\mule.jar
                          Status: SUCCESSFUL

Install File:             D:\NAVIS\bridged\lib\mx4j-jmx.jar
                          Status: SUCCESSFUL

Install File:             D:\NAVIS\bridged\lib\mx4j-remote.jar
                          Status: SUCCESSFUL

Install File:             D:\NAVIS\bridged\lib\mx4j-tools.jar
                          Status: SUCCESSFUL

Install File:             D:\NAVIS\bridged\lib\n4-bridged.jar
                          Status: SUCCESSFUL

Install File:             D:\NAVIS\bridged\lib\n4-framework.jar
                          Status: SUCCESSFUL

Install File:             D:\NAVIS\bridged\lib\n4-xpscache.jar
                          Status: SUCCESSFUL

Install File:             D:\NAVIS\bridged\lib\ognl-osgi.jar
                          Status: SUCCESSFUL

Install File:             D:\NAVIS\bridged\lib\org.springframework.aop.jar
                          Status: SUCCESSFUL

Install File:             D:\NAVIS\bridged\lib\org.springframework.asm.jar
                          Status: SUCCESSFUL

Install File:             D:\NAVIS\bridged\lib\org.springframework.beans.jar
                          Status: SUCCESSFUL

Install File:             D:\NAVIS\bridged\lib\org.springframework.context.jar
                          Status: SUCCESSFUL

Install File:             D:\NAVIS\bridged\lib\org.springframework.context.support.jar
                          Status: SUCCESSFUL

Install File:             D:\NAVIS\bridged\lib\org.springframework.core.jar
                          Status: SUCCESSFUL

Install File:             D:\NAVIS\bridged\lib\org.springframework.expression.jar
                          Status: SUCCESSFUL

Install File:             D:\NAVIS\bridged\lib\org.springframework.jdbc.jar
                          Status: SUCCESSFUL

Install File:             D:\NAVIS\bridged\lib\org.springframework.orm.jar
                          Status: SUCCESSFUL

Install File:             D:\NAVIS\bridged\lib\org.springframework.oxm.jar
                          Status: SUCCESSFUL

Install File:             D:\NAVIS\bridged\lib\org.springframework.transaction.jar
                          Status: SUCCESSFUL

Install File:             D:\NAVIS\bridged\lib\org.springframework.web.jar
                          Status: SUCCESSFUL

Install File:             D:\NAVIS\bridged\lib\quartz.jar
                          Status: SUCCESSFUL

Install File:             D:\NAVIS\bridged\lib\rome.jar
                          Status: SUCCESSFUL

Install File:             D:\NAVIS\bridged\lib\slf4j-api.jar
                          Status: SUCCESSFUL

Install File:             D:\NAVIS\bridged\lib\slf4j-log4j12.jar
                          Status: SUCCESSFUL

Install File:             D:\NAVIS\bridged\lib\stax-utils-osgi.jar
                          Status: SUCCESSFUL

Install File:             D:\NAVIS\bridged\lib\wrapper.jar
                          Status: SUCCESSFUL

Install File:             D:\NAVIS\bridged\lib\xbean-spring.jar
                          Status: SUCCESSFUL

Install File:             D:\NAVIS\bridged\lib\xstream.jar
                          Status: SUCCESSFUL

Expand Archive:           D:\NAVIS\bridged_prod.zip
                          Status: SUCCESSFUL

Execute ANT Script:       Script: 
                          Status: SUCCESSFUL

Install File:             D:\NAVIS\xps\NavisXPS.exe
                          Status: SUCCESSFUL

Install File:             D:\NAVIS\xps\NavisXPS.pdb
                          Status: SUCCESSFUL

Install File:             D:\NAVIS\xps\dbghelp.dll
                          Status: SUCCESSFUL

Install File:             D:\NAVIS\xps\staf.dll
                          Status: SUCCESSFUL

Install File:             D:\NAVIS\xps\vc120.pdb
                          Status: SUCCESSFUL

Install File:             D:\NAVIS\xps\vcredist_x64.exe
                          Status: SUCCESSFUL

Install File:             D:\NAVIS\xps\vcredist_x86.exe
                          Status: SUCCESSFUL

Install File:             D:\NAVIS\xps\windows_event_log_dll.dll
                          Status: SUCCESSFUL

Expand Archive:           D:\NAVIS\xps.zip
                          Status: SUCCESSFUL

Install Directory:        D:\NAVIS\conf_examples\
                          Status: SUCCESSFUL

Install File:             D:\NAVIS\conf_examples\ecn4_settings_prod.xml
                          Status: SUCCESSFUL


                          Status: SUCCESSFUL

Copy File:                Destination: D:\NAVIS\conf_examples\log4j.properties
                          Status: SUCCESSFUL

Delete File:              Source:log4j.properties
                          Status: SUCCESSFUL

Install Directory:        D:\NAVIS\xps\
                          Status: SUCCESSFUL
                          Additional Notes: NOTE - Directory already existed

Install Directory:        D:\NAVIS\xps\uninstall\
                          Status: SUCCESSFUL

Install Uninstaller:      XPS(Install All Uninstaller Components)
                          Status: SUCCESSFUL

Install File:             D:\NAVIS\xps\uninstall\UninstallXPS.exe
                          Status: SUCCESSFUL


Install File:             D:\NAVIS\xps\uninstall\UninstallXPS.lax
                          Status: SUCCESSFUL

Install Directory:        D:\NAVIS\xps\uninstall\resource\
                          Status: SUCCESSFUL

Install File:             D:\NAVIS\xps\uninstall\resource\iawin64_x64.dll
                          Status: SUCCESSFUL

Install File:             D:\NAVIS\xps\uninstall\resource\iawin32.dll
                          Status: SUCCESSFUL

Install File:             D:\NAVIS\xps\uninstall\resource\win64_32_x64.exe
                          Status: SUCCESSFUL

Install File:             D:\NAVIS\xps\uninstall\resource\remove.exe
                          Status: SUCCESSFUL

Install File:             D:\NAVIS\xps\uninstall\resource\invoker.exe
                          Status: SUCCESSFUL

Make Registry Entry:      Key: HKEY_LOCAL_MACHINE\SOFTWARE\Microsoft\Windows\CurrentVersion\Uninstall\XPS
                          Value Name: DisplayName
                          Value Data: XPS
                          Status: SUCCESSFUL

Make Registry Entry:      Key: HKEY_LOCAL_MACHINE\SOFTWARE\Microsoft\Windows\CurrentVersion\Uninstall\XPS
                          Value Name: UninstallString
                          Value Data: "D:\NAVIS\xps\uninstall\UninstallXPS.exe"
                          Status: SUCCESSFUL

Make Registry Entry:      Key: HKEY_LOCAL_MACHINE\SOFTWARE\Microsoft\Windows\CurrentVersion\Uninstall\XPS
                          Value Name: Publisher
                          Value Data: Navis LLC
                          Status: SUCCESSFUL

Make Registry Entry:      Key: HKEY_LOCAL_MACHINE\SOFTWARE\Microsoft\Windows\CurrentVersion\Uninstall\XPS
                          Value Name: URLInfoAbout
                          Value Data: http://www.navis.com/
                          Status: SUCCESSFUL

Make Registry Entry:      Key: HKEY_LOCAL_MACHINE\SOFTWARE\Microsoft\Windows\CurrentVersion\Uninstall\XPS
                          Value Name: ProductID
                          Value Data: bcd5b92b-1efe-11b2-9eb2-e5ebf7261b87
                          Status: SUCCESSFUL

Make Registry Entry:      Key: HKEY_LOCAL_MACHINE\SOFTWARE\Microsoft\Windows\CurrentVersion\Uninstall\XPS
                          Value Name: InstallLocation
                          Value Data: D:\NAVIS
                          Status: SUCCESSFUL

Make Registry Entry:      Key: HKEY_LOCAL_MACHINE\SOFTWARE\Microsoft\Windows\CurrentVersion\Uninstall\XPS
                          Value Name: InstallDate
                          Value Data: Thu Aug 09 18:20:10 IST 2018
                          Status: SUCCESSFUL

Make Registry Entry:      Key: HKEY_LOCAL_MACHINE\SOFTWARE\Microsoft\Windows\CurrentVersion\Uninstall\XPS
                          Value Name: DisplayVersion
                          Value Data: 3.5.0.0
                          Status: SUCCESSFUL

Make Registry Entry:      Key: HKEY_LOCAL_MACHINE\SOFTWARE\Microsoft\Windows\CurrentVersion\Uninstall\XPS
                          Value Name: EstimatedSize
                          Value Data: 52d06
                          Status: SUCCESSFUL

Install Uninstaller:      XPS(Install All Uninstaller Components)
                          Status: SUCCESSFUL

Copy File:                Destination: C:\Windows\sysWOW64\NavisXPS.pdb
                          Status: SUCCESSFUL


                          Status: SUCCESSFUL

Execute Command:          sc create "Navis XPS" DisplayName= "Navis XPS" BinPath="D:\NAVIS\xps\NavisXPS.exe -d D:\NAVIS\xps"
                          Status: SUCCESSFUL

Execute Command:          sc failure "Navis XPS" reset= 86400 actions= restart/120000/restart/120000/none/120000
                          Status: SUCCESSFUL

Set Environment Variable: JAVA_HOME = C:\Program Files\Java\jdk1.8.0_131
                          Status: SUCCESSFUL

Set Environment Variable: PATH = C:\Program Files\Java\jdk1.8.0_131\bin
                          Status: SUCCESSFUL

Refresh Windows Environment:   
                          Status: SUCCESSFUL

Install Directory:        D:\NAVIS\
                          Status: SUCCESSFUL
                          Additional Notes: NOTE - Directory already existed

Install Directory:        D:\NAVIS\xps\
                          Status: SUCCESSFUL
                          Additional Notes: NOTE - Directory already existed

Install Directory:        D:\NAVIS\xps\log\
                          Status: SUCCESSFUL

Install Directory:        D:\NAVIS\bridged\
                          Status: SUCCESSFUL
                          Additional Notes: NOTE - Directory already existed

Install Directory:        D:\NAVIS\bridged\conf\
                          Status: SUCCESSFUL
                          Additional Notes: NOTE - Directory already existed

Copy File:                Destination: D:\NAVIS\bridged\conf\ecn4_settings_prod.xml
                          Status: SUCCESSFUL

Copy File:                Destination: D:\NAVIS\bridged\conf\bridged.conf
                          Status: SUCCESSFUL

Modify Text File - Single File:   D:\NAVIS\bridged\conf\ecn4_settings_prod.xml
                          Status: SUCCESSFUL

Modify Text File - Single File:   D:\NAVIS\bridged\conf\log4j.properties
                          Status: ERROR
                          Additional Notes: ERROR - Unable to locate D:\NAVIS\bridged\conf\log4j.properties text file to be manipulated. Deferring...

Install Directory:        D:\NAVIS\bridged\logs\
                          Status: SUCCESSFUL
                          Additional Notes: NOTE - Directory already existed

Install Directory:        C:\Users\itluser\AppData\Roaming\Microsoft\Windows\Start Menu\Programs\
                          Status: SUCCESSFUL
                          Additional Notes: NOTE - Directory already existed

Install Directory:        C:\Users\itluser\AppData\Roaming\Microsoft\Windows\Start Menu\Programs\Navis\
                          Status: SUCCESSFUL
                          Additional Notes: NOTE - Directory already existed

Create Shortcut:          C:\Users\itluser\AppData\Roaming\Microsoft\Windows\Start Menu\Programs\Navis\Navis Bridged Configuration.lnk
                          Status: SUCCESSFUL

Modify Text File - Single File:   D:\NAVIS\bridged\conf\log4j.properties
                          Status: ERROR
                          Additional Notes: ERROR - Unable to locate D:\NAVIS\bridged\conf\log4j.properties text file to be manipulated. Deferring...


