__________________________________________________________________________

Tue Aug 07 03:08:53 IST 2018

Free Memory: 113809 kB
Total Memory: 134656 kB

java.class.path:
    C:\Users\itluser\AppData\Local\Temp\I1533634651\InstallerData\IAClasses.zip
    C:\Users\itluser\AppData\Local\Temp\I1533634651\InstallerData\Execute.zip
    C:\Users\itluser\AppData\Local\Temp\I1533634651\Windows\InstallerData\Execute.zip
    C:\Users\itluser\AppData\Local\Temp\I1533634651\InstallerData\Resource1.zip
    C:\Users\itluser\AppData\Local\Temp\I1533634651\Windows\InstallerData\Resource1.zip
    C:\Users\itluser\AppData\Local\Temp\I1533634651\InstallerData
    C:\Users\itluser\AppData\Local\Temp\I1533634651\Windows\InstallerData

ZGUtil.CLASS_PATH:
    C:\Users\itluser\AppData\Local\Temp\I1533634651\InstallerData\IAClasses.zip
    C:\Users\itluser\AppData\Local\Temp\I1533634651\InstallerData\Execute.zip
    C:\Users\itluser\AppData\Local\Temp\I1533634651\InstallerData

sun.boot.class.path:
    C:\Program Files\Java\jdk1.8.0_131\jre\lib\resources.jar
    C:\Program Files\Java\jdk1.8.0_131\jre\lib\rt.jar
    C:\Program Files\Java\jdk1.8.0_131\jre\lib\sunrsasign.jar
    C:\Program Files\Java\jdk1.8.0_131\jre\lib\jsse.jar
    C:\Program Files\Java\jdk1.8.0_131\jre\lib\jce.jar
    C:\Program Files\Java\jdk1.8.0_131\jre\lib\charsets.jar
    C:\Program Files\Java\jdk1.8.0_131\jre\lib\jfr.jar
    C:\Program Files\Java\jdk1.8.0_131\jre\classes

java.ext.dirs:
    C:\Program Files\Java\jdk1.8.0_131\jre\lib\ext
    C:\Windows\Sun\Java\lib\ext

java.version                  == 1.8.0_131 (Java 1)
java.vm.name                  == Java HotSpot(TM) 64-Bit Server VM
java.vm.vendor                == Oracle Corporation
java.vm.version               == 25.131-b11
java.vm.specification.name    == Java Virtual Machine Specification
java.vm.specification.vendor  == Oracle Corporation
java.vm.specification.version == 1.8
java.specification.name       == Java Platform API Specification
java.specification.vendor     == Oracle Corporation
java.specification.version    == 1.8
java.vendor                   == Oracle Corporation
java.vendor.url               == http://java.oracle.com/
java.class.version            == 52.0
java.library.path             == C:\Program Files\Java\jdk1.8.0_131\bin;C:\Windows\Sun\Java\bin;C:\Windows\system32;C:\Windows;C:\ProgramData\Oracle\Java\javapath;C:\STAF\bin;C:\Windows\system32;C:\Windows;C:\Windows\System32\Wbem;C:\Windows\System32\WindowsPowerShell\v1.0\;D:\N4_Code_base\n4-app\tools\ant\bin;D:\Backup\activator-1.3.7-minimal;C:\Program Files\Git\bin;C:\Program Files\Microsoft SQL Server\Client SDK\ODBC\130\Tools\Binn\;C:\Program Files (x86)\Microsoft SQL Server\130\Tools\Binn\;C:\Program Files\Microsoft SQL Server\130\Tools\Binn\;C:\Program Files\Microsoft SQL Server\130\DTS\Binn\;C:\Program Files (x86)\Microsoft SQL Server\Client SDK\ODBC\130\Tools\Binn\;C:\Program Files (x86)\Microsoft SQL Server\130\DTS\Binn\;C:\Program Files (x86)\Microsoft SQL Server\130\Tools\Binn\ManagementStudio\;C:\Program Files\nodejs\;C:\Program Files\TortoiseSVN\bin;C:\Users\itluser\Downloads\marathonite\marathonite-5.0;C:\Program Files (x86)\Skype\Phone\;C:\Program Files\Java\jre1.8.0_131\bin;C:\Program Files\Java\jdk1.8.0_131\bin;C:\Program Files\Java\jdk1.8.0_131\bin;C:\Program Files\Java\jdk1.8.0_131\bin;C:\Program Files\Java\jdk1.8.0_131\bin;.
java.compiler                 == null
java.home                     == C:\Program Files\Java\jdk1.8.0_131\jre
java.io.tmpdir                == C:\Users\itluser\AppData\Local\Temp\
os.name                       == Microsoft Windows 8.1 Enterprise
os.arch                       == amd64
os.version                    == 6.3.9600
path.separator                == ;
file.separator                == \
file.encoding                 == Cp1252
user.name                     == itluser
user.home                     == C:\Users\itluser
user.dir                      == C:\Users\itluser\AppData\Local\Temp\I1533634651\Windows
user.language                 == en
user.region                   == null
__________________________________________________________________________

Installed Feature(s) Application, Help, Configu of ECN4

Install Begin: AUGUST 7, 2018 3:07:51 PM IST
Install End: AUGUST 7, 2018 3:08:49 PM IST

Installed by InstallAnywhere 18.0 Premier Build 5608


User Interactions
-----------------


#Choose Install Set
#------------------
CHOSEN_FEATURE_LIST=Application,Help,Configu
CHOSEN_INSTALL_FEATURE_LIST=Application,Help,Configu
CHOSEN_INSTALL_SET=Green

#Choose Install Folders
#----------------------
USER_INSTALL_DIR=D:\\NAVIS
USER_MAGIC_FOLDER_2=D:\\NAVIS

#XPS and ECN4 Host
#-----------------
XPS_HOST_ADDRESS=192.168.1.174
ECN4_HOST_ADDRESS=192.168.1.174

#Yard Topology
#-------------
OPERATOR=OPR1
COMPLEX=CPX11
FACILITY=FCY111
YARD=YRD1111

#Install
#-------
-fileOverwrite_C\:\\Users\\itluser\\AppData\\Local\\Temp\\901196.tmp\\ant\\build.xml=Yes
-fileOverwrite_C\:\\Users\\itluser\\AppData\\Local\\Temp\\901196.tmp\\ant\\build.properties=Yes
-fileOverwrite_D\:\\NAVIS\\ecn4\\conf_template\\ecn4_settings_prod.xml=Yes
-fileOverwrite_D\:\\NAVIS\\ecn4\\uninstall\\UninstallECN4.lax=Yes
-fileOverwrite_D\:\\NAVIS\\ecn4\\uninstall\\resource\\iawin64_x64.dll=Yes
-fileOverwrite_D\:\\NAVIS\\ecn4\\uninstall\\resource\\iawin32.dll=Yes
-fileOverwrite_D\:\\NAVIS\\ecn4\\uninstall\\resource\\win64_32_x64.exe=Yes
-fileOverwrite_D\:\\NAVIS\\ecn4\\uninstall\\resource\\remove.exe=Yes
-fileOverwrite_D\:\\NAVIS\\ecn4\\uninstall\\resource\\invoker.exe=Yes

Summary
-------

Installation: Successful.

471 Successes
0 Warnings
0 NonFatalErrors
0 FatalErrors

Action Notes:

None

Install Log Detail:

Check Disk Space:         D:\NAVIS
                          Status: SUCCESSFUL
                          Additional Notes: NOTE - Required Disk Space:140,831,749 Bytes Free Disk Space:139,006,967,808 Bytes 

Custom Action:            com.zerog.ia.customcode.actions.HostInfo
                          Status: SUCCESSFUL


Check Disk Space:         D:\NAVIS
                          Status: SUCCESSFUL
                          Additional Notes: NOTE - Required Disk Space:140,831,750 Bytes Free Disk Space:139,006,967,808 Bytes 


Execute Command:          cmd /c sc query "ecn4"
                          Status: SUCCESSFUL


Check Disk Space:         D:\NAVIS
                          Status: SUCCESSFUL
                          Additional Notes: NOTE - Required Disk Space:140,831,750 Bytes Free Disk Space:139,006,967,808 Bytes 

Install Directory:        C:\Users\itluser\AppData\Local\Temp\901196.tmp\
                          Status: SUCCESSFUL
                          Additional Notes: NOTE - Directory already existed

Install Directory:        C:\Users\itluser\AppData\Local\Temp\901196.tmp\ant\
                          Status: SUCCESSFUL

Install File:             C:\Users\itluser\AppData\Local\Temp\901196.tmp\ant\build.xml
                          Status: SUCCESSFUL

Install File:             C:\Users\itluser\AppData\Local\Temp\901196.tmp\ant\build.properties
                          Status: SUCCESSFUL

Modify Text File - Single File:   build.properties
                          Status: SUCCESSFUL

Install File:             C:\Users\itluser\AppData\Local\Temp\901196.tmp\ecn4-extensions\ADPC_extension\dist\ADPC_extension.jar
                          Status: SUCCESSFUL

Install File:             C:\Users\itluser\AppData\Local\Temp\901196.tmp\ecn4-extensions\ADPC_extension\dist\ADPC_stateModel.xml
                          Status: SUCCESSFUL

Install File:             C:\Users\itluser\AppData\Local\Temp\901196.tmp\ecn4-extensions\AGV_AGV_JOBLIST_FILTER\dist\AGV_AGV_JOBLIST_FILTER.jar
                          Status: SUCCESSFUL

Install File:             C:\Users\itluser\AppData\Local\Temp\901196.tmp\ecn4-extensions\AGV_AGV_JOBLIST_FILTER\dist\agv_joblist_filter_en_US.properties
                          Status: SUCCESSFUL

Install File:             C:\Users\itluser\AppData\Local\Temp\901196.tmp\ecn4-extensions\APMT_MVII_job_list_filters\dist\RailPreAnnouncementJobListFilter.jar
                          Status: SUCCESSFUL

Install File:             C:\Users\itluser\AppData\Local\Temp\901196.tmp\ecn4-extensions\APMT_MVII_job_list_filters\dist\RailPreAnnouncementJobListFilters_en_US.properties
                          Status: SUCCESSFUL

Install File:             C:\Users\itluser\AppData\Local\Temp\901196.tmp\ecn4-extensions\APMT_MVII_job_list_filters\dist\joblistFilters_en_US.properties
                          Status: SUCCESSFUL

Install File:             C:\Users\itluser\AppData\Local\Temp\901196.tmp\ecn4-extensions\APMT_MVII_rgc_discharge_state_transition_condition\dist\RailPreventNotGrantedRgcDischargeStateModel.xml
                          Status: SUCCESSFUL

Install File:             C:\Users\itluser\AppData\Local\Temp\901196.tmp\ecn4-extensions\APMT_MVII_rgc_discharge_state_transition_condition\dist\RailRgcDischargeStateTransitionCondition.jar
                          Status: SUCCESSFUL

Install File:             C:\Users\itluser\AppData\Local\Temp\901196.tmp\ecn4-extensions\CSI-MCT_AbandonJobWithoutRejectionECN4Web\dist\CSIAbandonJobWithoutRejectionECN4Web.war
                          Status: SUCCESSFUL

Install File:             C:\Users\itluser\AppData\Local\Temp\901196.tmp\ecn4-extensions\CSI-MCT_AbandonJobWithoutRejectionECN4\dist\CSIAbandonJobWithoutRejectionECN4.jar
                          Status: SUCCESSFUL

Install File:             C:\Users\itluser\AppData\Local\Temp\901196.tmp\ecn4-extensions\CSI-MCT_AbandonJobWithoutRejectionECN4\dist\mct_abandon_job_stateModel.xml
                          Status: SUCCESSFUL

Install File:             C:\Users\itluser\AppData\Local\Temp\901196.tmp\ecn4-extensions\CSI-MCT_DisableJobListForSCs\dist\CSIDisableJobListForSCsECN4Web.war
                          Status: SUCCESSFUL

Install File:             C:\Users\itluser\AppData\Local\Temp\901196.tmp\ecn4-extensions\DCTG_ecn4web\dist\dctgecn4webRAIL.war
                          Status: SUCCESSFUL

Install File:             C:\Users\itluser\AppData\Local\Temp\901196.tmp\ecn4-extensions\DCTG_message_filter\dist\DCTG_MessageFilterExtensions.jar
                          Status: SUCCESSFUL

Install File:             C:\Users\itluser\AppData\Local\Temp\901196.tmp\ecn4-extensions\DCTG_message_filter\dist\ecn4_settings.xml
                          Status: SUCCESSFUL

Install File:             C:\Users\itluser\AppData\Local\Temp\901196.tmp\ecn4-extensions\DCTG_message_filter\dist\message_filter_stateModel.xml
                          Status: SUCCESSFUL

Install File:             C:\Users\itluser\AppData\Local\Temp\901196.tmp\ecn4-extensions\DPW_ANTGWY_ecn4web\dist\DPW_ANTGWT_ecn4web_curser_on_joblist.war
                          Status: SUCCESSFUL

Install File:             C:\Users\itluser\AppData\Local\Temp\901196.tmp\ecn4-extensions\HPC_queuing_strategy\dist\HPCSwappingExtension.jar
                          Status: SUCCESSFUL

Install File:             C:\Users\itluser\AppData\Local\Temp\901196.tmp\ecn4-extensions\LBCT_extension\dist\LBCT_extension.jar
                          Status: SUCCESSFUL

Install File:             C:\Users\itluser\AppData\Local\Temp\901196.tmp\ecn4-extensions\LBCT_extension\dist\LBCT_stateModel.xml
                          Status: SUCCESSFUL

Install File:             C:\Users\itluser\AppData\Local\Temp\901196.tmp\ecn4-extensions\LBCT_message_filter\dist\message_filter_stateModel.xml
                          Status: SUCCESSFUL

Install File:             C:\Users\itluser\AppData\Local\Temp\901196.tmp\ecn4-extensions\LBCT_overrideDoorAndTkpsForm_handler\dist\GroovyDispatchXmlRdtFormHandler.groovy
                          Status: SUCCESSFUL

Install File:             C:\Users\itluser\AppData\Local\Temp\901196.tmp\ecn4-extensions\LBCT_overrideDoorAndTkpsForm_handler\dist\GroovyJoblistXmlRdtFormHandler.groovy
                          Status: SUCCESSFUL

Install File:             C:\Users\itluser\AppData\Local\Temp\901196.tmp\ecn4-extensions\LBCT_overrideDoorAndTkpsForm_handler\dist\groovy_formModel.xml
                          Status: SUCCESSFUL

Install File:             C:\Users\itluser\AppData\Local\Temp\901196.tmp\ecn4-extensions\LGPL_chassis_resolve\dist\LGPLChassisInsertIntoXmlRdtPreEvent.jar
                          Status: SUCCESSFUL

Install File:             C:\Users\itluser\AppData\Local\Temp\901196.tmp\ecn4-extensions\LGPL_chassis_resolve\dist\stateModel_cassette_automarry.xml
                          Status: SUCCESSFUL

Install File:             C:\Users\itluser\AppData\Local\Temp\901196.tmp\ecn4-extensions\MAH_maher_statemodel_simplification\dist\MAH_maher_statemodel_simplification.jar
                          Status: SUCCESSFUL

Install File:             C:\Users\itluser\AppData\Local\Temp\901196.tmp\ecn4-extensions\MAH_maher_statemodel_simplification\dist\mah_stateModel.xml
                          Status: SUCCESSFUL

Install File:             C:\Users\itluser\AppData\Local\Temp\901196.tmp\ecn4-extensions\MAH_maher_statemodel_simplification_ecn4web\dist\MAH_maher_statemodel_simplification_ecn4web.war
                          Status: SUCCESSFUL

Install File:             C:\Users\itluser\AppData\Local\Temp\901196.tmp\ecn4-extensions\MAH_mmr_pod_service\dist\PoDAndServiceMessageFilter.jar
                          Status: SUCCESSFUL

Install File:             C:\Users\itluser\AppData\Local\Temp\901196.tmp\ecn4-extensions\MAH_mmr_pod_service\dist\ecn4_settings.xml
                          Status: SUCCESSFUL

Install File:             C:\Users\itluser\AppData\Local\Temp\901196.tmp\ecn4-extensions\MAH_mmr_pod_service\dist\podandservice_filter_stateModel.xml
                          Status: SUCCESSFUL

Install File:             C:\Users\itluser\AppData\Local\Temp\901196.tmp\ecn4-extensions\MAH_mmr_pod_service_ecn4web\dist\mmr_pod_service_ecn4web.war
                          Status: SUCCESSFUL

Install File:             C:\Users\itluser\AppData\Local\Temp\901196.tmp\ecn4-extensions\MTL_extension\dist\MTL_extension.jar
                          Status: SUCCESSFUL

Install File:             C:\Users\itluser\AppData\Local\Temp\901196.tmp\ecn4-extensions\MTL_extension\dist\MTL_stateModel.xml
                          Status: SUCCESSFUL

Install File:             C:\Users\itluser\AppData\Local\Temp\901196.tmp\ecn4-extensions\PEEL_custom_message_text\dist\CustomMessageTextExtension.jar
                          Status: SUCCESSFUL

Install File:             C:\Users\itluser\AppData\Local\Temp\901196.tmp\ecn4-extensions\PEEL_custom_message_text\dist\xmlrdtMessages.properties
                          Status: SUCCESSFUL

Install File:             C:\Users\itluser\AppData\Local\Temp\901196.tmp\ecn4-extensions\PEEL_straddle_message_filter\dist\StraddleInboundMessageFilter.groovy
                          Status: SUCCESSFUL

Install File:             C:\Users\itluser\AppData\Local\Temp\901196.tmp\ecn4-extensions\PEEL_straddle_message_filter\dist\StraddleOutboundMessageFilter.groovy
                          Status: SUCCESSFUL

Install File:             C:\Users\itluser\AppData\Local\Temp\901196.tmp\ecn4-extensions\PEEL_straddle_message_filter\dist\message_filter_state_model.xml
                          Status: SUCCESSFUL

Install File:             C:\Users\itluser\AppData\Local\Temp\901196.tmp\ecn4-extensions\PEEL_straddle_truck_Joblist_filter\dist\StraddleTruckWorkFlowJobListFilter.groovy
                          Status: SUCCESSFUL

Install File:             C:\Users\itluser\AppData\Local\Temp\901196.tmp\ecn4-extensions\PEEL_truck_outbound_message_filter\dist\GroovyMessageFilterHelper.groovy
                          Status: SUCCESSFUL

Install File:             C:\Users\itluser\AppData\Local\Temp\901196.tmp\ecn4-extensions\PEEL_truck_outbound_message_filter\dist\IsWiPlannedNotToCarmgBlockCondition.groovy
                          Status: SUCCESSFUL

Install File:             C:\Users\itluser\AppData\Local\Temp\901196.tmp\ecn4-extensions\PEEL_truck_outbound_message_filter\dist\TruckOutboundMessageFilter.groovy
                          Status: SUCCESSFUL

Install File:             C:\Users\itluser\AppData\Local\Temp\901196.tmp\ecn4-extensions\PEEL_tt_empty_to_and_laden_to_with_lane\dist\tt_empty_to_and_laden_to_with_lane.war
                          Status: SUCCESSFUL

Install File:             C:\Users\itluser\AppData\Local\Temp\901196.tmp\ecn4-extensions\PEEL_tt_position_update_lane_preEvent\dist\TTPositionUpdateLanePostEvent.jar
                          Status: SUCCESSFUL

Install File:             C:\Users\itluser\AppData\Local\Temp\901196.tmp\ecn4-extensions\PEEL_tt_position_update_lane_preEvent\dist\stateModel_tt_position_update_lane.xml
                          Status: SUCCESSFUL

Install File:             C:\Users\itluser\AppData\Local\Temp\901196.tmp\ecn4-extensions\PHA_JobList_Filter\dist\PHA_JobList_Filter.jar
                          Status: SUCCESSFUL

Install File:             C:\Users\itluser\AppData\Local\Temp\901196.tmp\ecn4-extensions\PHA_JobList_Filter\dist\joblistFilters_en_US.properties
                          Status: SUCCESSFUL

Install File:             C:\Users\itluser\AppData\Local\Temp\901196.tmp\ecn4-extensions\PONL_che-safe-weight\dist\PONLJobListFilterExtensions.jar
                          Status: SUCCESSFUL

Install File:             C:\Users\itluser\AppData\Local\Temp\901196.tmp\ecn4-extensions\PONL_che-safe-weight\dist\joblistFilters_en_US.properties
                          Status: SUCCESSFUL

Install File:             C:\Users\itluser\AppData\Local\Temp\901196.tmp\ecn4-extensions\PONL_form_dispatch_inbound_message_filter\dist\FormDispatchInboundMessageFilter.jar
                          Status: SUCCESSFUL

Install File:             C:\Users\itluser\AppData\Local\Temp\901196.tmp\ecn4-extensions\PONL_form_dispatch_inbound_message_filter\dist\message_filter_stateModel.xml
                          Status: SUCCESSFUL

Install File:             C:\Users\itluser\AppData\Local\Temp\901196.tmp\ecn4-extensions\PPA_JobList_Filter\dist\PPA_JobList_Filter.jar
                          Status: SUCCESSFUL

Install File:             C:\Users\itluser\AppData\Local\Temp\901196.tmp\ecn4-extensions\PPA_JobList_Filter\dist\joblistFilters_en_US.properties
                          Status: SUCCESSFUL

Install File:             C:\Users\itluser\AppData\Local\Temp\901196.tmp\ecn4-extensions\PPA_extension\dist\PPA_extension.jar
                          Status: SUCCESSFUL

Install File:             C:\Users\itluser\AppData\Local\Temp\901196.tmp\ecn4-extensions\PPA_extension\dist\ppa_stateModel.xml
                          Status: SUCCESSFUL

Install File:             C:\Users\itluser\AppData\Local\Temp\901196.tmp\ecn4-extensions\RWG_TT_State_Transition_Condition\dist\RailFilterNotInspectedDischargeStateModel.xml
                          Status: SUCCESSFUL

Install File:             C:\Users\itluser\AppData\Local\Temp\901196.tmp\ecn4-extensions\RWG_TT_State_Transition_Condition\dist\TT_State_Transition_Condition.jar
                          Status: SUCCESSFUL

Install File:             C:\Users\itluser\AppData\Local\Temp\901196.tmp\ecn4-extensions\RWG_chassis_resolve\dist\RWGChassisInsertIntoXmlRdtPreEvent.jar
                          Status: SUCCESSFUL

Install File:             C:\Users\itluser\AppData\Local\Temp\901196.tmp\ecn4-extensions\RWG_chassis_resolve\dist\stateModel_cassette_automarry.xml
                          Status: SUCCESSFUL

Install File:             C:\Users\itluser\AppData\Local\Temp\901196.tmp\ecn4-extensions\RWG_custom_joblist_filter\dist\RWG_Custom_Joblist_Filter.jar
                          Status: SUCCESSFUL

Install File:             C:\Users\itluser\AppData\Local\Temp\901196.tmp\ecn4-extensions\RWG_custom_joblist_filter\dist\customJoblistFilter_en_US.properties
                          Status: SUCCESSFUL

Install File:             C:\Users\itluser\AppData\Local\Temp\901196.tmp\ecn4-extensions\RWG_railLoad_joblist_filter\dist\JoblistFilters_en_US.properties
                          Status: SUCCESSFUL

Install File:             C:\Users\itluser\AppData\Local\Temp\901196.tmp\ecn4-extensions\RWG_railLoad_joblist_filter\dist\RWG_railLoad_Joblist_Filter.jar
                          Status: SUCCESSFUL

Install File:             C:\Users\itluser\AppData\Local\Temp\901196.tmp\ecn4-extensions\TDT_job_list\dist\JobListSorterByMoveStage.groovy
                          Status: SUCCESSFUL

Install File:             C:\Users\itluser\AppData\Local\Temp\901196.tmp\ecn4-extensions\TEE_JobList_Filter\dist\TEE_JobList_Filter.jar
                          Status: SUCCESSFUL

Install File:             C:\Users\itluser\AppData\Local\Temp\901196.tmp\ecn4-extensions\TEE_JobList_Sorter\dist\TEE_JobList_Sorter.jar
                          Status: SUCCESSFUL

Install File:             C:\Users\itluser\AppData\Local\Temp\901196.tmp\ecn4-extensions\TEE_JobList_Sorter\dist\WSGC-and-TZ-config.xml
                          Status: SUCCESSFUL

Install File:             C:\Users\itluser\AppData\Local\Temp\901196.tmp\ecn4-extensions\TEE_JobList_Sorter\dist\sort-by-move-kind.xml
                          Status: SUCCESSFUL

Install File:             C:\Users\itluser\AppData\Local\Temp\901196.tmp\ecn4-extensions\TEE_Prevent_Dispatch_On_Multiple_Conditions\dist\TEE_Prevent_Dispatch_On_Multiple_Conditions.jar
                          Status: SUCCESSFUL

Install File:             C:\Users\itluser\AppData\Local\Temp\901196.tmp\ecn4-extensions\TEE_Prevent_Dispatch_On_Multiple_Conditions\dist\stateModel_prevent_truck_dispatch_multi_conditions.xml
                          Status: SUCCESSFUL

Install File:             C:\Users\itluser\AppData\Local\Temp\901196.tmp\ecn4-extensions\TEE_Prevent_Held_Ctr_Dispatch\dist\TEE_Prevent_Held_Container_Dispatch.jar
                          Status: SUCCESSFUL

Install File:             C:\Users\itluser\AppData\Local\Temp\901196.tmp\ecn4-extensions\TEE_Prevent_Held_Ctr_Dispatch\dist\distribution-centres.xml
                          Status: SUCCESSFUL

Install File:             C:\Users\itluser\AppData\Local\Temp\901196.tmp\ecn4-extensions\TEE_Prevent_Held_Ctr_Dispatch\dist\stateModel_prevent_held_dispatch.xml
                          Status: SUCCESSFUL

Install File:             C:\Users\itluser\AppData\Local\Temp\901196.tmp\ecn4-extensions\TEE_Prevent_PC_Cancelled_Dispatch\dist\TEE_Prevent_PC_Cancelled_Dispatch.jar
                          Status: SUCCESSFUL

Install File:             C:\Users\itluser\AppData\Local\Temp\901196.tmp\ecn4-extensions\TEE_Prevent_PC_Cancelled_Dispatch\dist\distribution-centres.xml
                          Status: SUCCESSFUL

Install File:             C:\Users\itluser\AppData\Local\Temp\901196.tmp\ecn4-extensions\TEE_Prevent_PC_Cancelled_Dispatch\dist\stateModel_prevent_PC_cancelled_dispatch.xml
                          Status: SUCCESSFUL

Install File:             C:\Users\itluser\AppData\Local\Temp\901196.tmp\ecn4-extensions\TEE_check_digit_rfr_flag\dist\TEE_check_digit_rfr_flag.war
                          Status: SUCCESSFUL

Install File:             C:\Users\itluser\AppData\Local\Temp\901196.tmp\ecn4-extensions\TEE_configurable_checkdigit\dist\TEEConfigurableCheckDigit.jar
                          Status: SUCCESSFUL

Install File:             C:\Users\itluser\AppData\Local\Temp\901196.tmp\ecn4-extensions\TEE_configurable_checkdigit\dist\configurable_checkdigit_formModel.xml
                          Status: SUCCESSFUL

Install File:             C:\Users\itluser\AppData\Local\Temp\901196.tmp\ecn4-extensions\TEE_configurable_checkdigit\dist\configurable_checkdigit_stateModel.xml
                          Status: SUCCESSFUL

Install File:             C:\Users\itluser\AppData\Local\Temp\901196.tmp\ecn4-extensions\TEE_configurable_checkdigit\dist\xmlrdtMessages.properties
                          Status: SUCCESSFUL

Install File:             C:\Users\itluser\AppData\Local\Temp\901196.tmp\ecn4-extensions\TEE_configurable_checkdigit_ecn4web\dist\TEEConfigurableCheckDigitECN4Web.war
                          Status: SUCCESSFUL

Install File:             C:\Users\itluser\AppData\Local\Temp\901196.tmp\ecn4-extensions\TEE_extension\dist\TEE_extension.jar
                          Status: SUCCESSFUL

Install File:             C:\Users\itluser\AppData\Local\Temp\901196.tmp\ecn4-extensions\TEE_extension\dist\ecn4_settings.xml
                          Status: SUCCESSFUL

Install File:             C:\Users\itluser\AppData\Local\Temp\901196.tmp\ecn4-extensions\TEE_extension\dist\tee_stateModel.xml
                          Status: SUCCESSFUL

Install File:             C:\Users\itluser\AppData\Local\Temp\901196.tmp\ecn4-extensions\VIT_AddRizStatusDispatchFilter\dist\VITRailMessageOutboundFilter.jar
                          Status: SUCCESSFUL

Install File:             C:\Users\itluser\AppData\Local\Temp\901196.tmp\ecn4-extensions\VIT_AddRizStatusDispatchFilter\dist\message_filter_stateModel.xml
                          Status: SUCCESSFUL

Install File:             C:\Users\itluser\AppData\Local\Temp\901196.tmp\ecn4-extensions\ecn4web_translation\dist\Ecn4WebTranslation.war
                          Status: SUCCESSFUL

Install File:             C:\Users\itluser\AppData\Local\Temp\901196.tmp\ecn4-extensions\ecn4web_web2\dist\ecn4web2.war
                          Status: SUCCESSFUL

Install File:             C:\Users\itluser\AppData\Local\Temp\901196.tmp\ecn4-extensions\magic_drop_condition\dist\magic_drop_condition.jar
                          Status: SUCCESSFUL

Install File:             C:\Users\itluser\AppData\Local\Temp\901196.tmp\ecn4-extensions\sample_Ecn4Web_defaultChassis\dist\Ecn4Web_defaultChassis.war
                          Status: SUCCESSFUL

Install File:             C:\Users\itluser\AppData\Local\Temp\901196.tmp\ecn4-extensions\sample_RailJobListFilter\dist\RailJobListFilter.groovy
                          Status: SUCCESSFUL

Install File:             C:\Users\itluser\AppData\Local\Temp\901196.tmp\ecn4-extensions\sample_SampleCheDefaultChassis\dist\SampleCheDefaultChassis.jar
                          Status: SUCCESSFUL

Install File:             C:\Users\itluser\AppData\Local\Temp\901196.tmp\ecn4-extensions\sample_add_attribute_to_FORM\dist\addAttribute.jar
                          Status: SUCCESSFUL

Install File:             C:\Users\itluser\AppData\Local\Temp\901196.tmp\ecn4-extensions\sample_add_attribute_to_FORM\dist\addAttribute_formModel.xml
                          Status: SUCCESSFUL

Install File:             C:\Users\itluser\AppData\Local\Temp\901196.tmp\ecn4-extensions\sample_add_attribute_to_FORM\dist\ecn4_settings.xml
                          Status: SUCCESSFUL

Install File:             C:\Users\itluser\AppData\Local\Temp\901196.tmp\ecn4-extensions\sample_add_work_queue_to_straddle_form\dist\DispatchAddWQXmlRdtFormHandler.groovy
                          Status: SUCCESSFUL

Install File:             C:\Users\itluser\AppData\Local\Temp\901196.tmp\ecn4-extensions\sample_add_work_queue_to_straddle_form\dist\add_work_queue_to_straddle_form_formModel.xml
                          Status: SUCCESSFUL

Install File:             C:\Users\itluser\AppData\Local\Temp\901196.tmp\ecn4-extensions\sample_anonymousTruckLogin\dist\AnonymousTruckLogin.jar
                          Status: SUCCESSFUL

Install File:             C:\Users\itluser\AppData\Local\Temp\901196.tmp\ecn4-extensions\sample_anonymousTruckLogin\dist\anonymousTruckLogin.xml
                          Status: SUCCESSFUL

Install File:             C:\Users\itluser\AppData\Local\Temp\901196.tmp\ecn4-extensions\sample_auto_dispatch_form_handler\dist\AutoDispatchXmlRdtFormHandler.groovy
                          Status: SUCCESSFUL

Install File:             C:\Users\itluser\AppData\Local\Temp\901196.tmp\ecn4-extensions\sample_auto_dispatch_form_handler\dist\auto_dispatch_formModel.xml
                          Status: SUCCESSFUL

Install File:             C:\Users\itluser\AppData\Local\Temp\901196.tmp\ecn4-extensions\sample_auto_dispatch_mode_straddle\dist\Auto_dispatch_mode_straddle.jar
                          Status: SUCCESSFUL

Install File:             C:\Users\itluser\AppData\Local\Temp\901196.tmp\ecn4-extensions\sample_auto_dispatch_mode_straddle\dist\auto_dispatch_mode_straddle_stateModel.xml
                          Status: SUCCESSFUL

Install File:             C:\Users\itluser\AppData\Local\Temp\901196.tmp\ecn4-extensions\sample_automated_RGC\dist\Automated_RGC_extension.jar
                          Status: SUCCESSFUL

Install File:             C:\Users\itluser\AppData\Local\Temp\901196.tmp\ecn4-extensions\sample_automated_RGC\dist\Automated_RGC_stateModel.xml
                          Status: SUCCESSFUL

Install File:             C:\Users\itluser\AppData\Local\Temp\901196.tmp\ecn4-extensions\sample_back_cancel_without_rejection_web\dist\BackCancelWithoutRejection.war
                          Status: SUCCESSFUL

Install File:             C:\Users\itluser\AppData\Local\Temp\901196.tmp\ecn4-extensions\sample_chassis_confirmWrongChassisPullAndPark\dist\confirmWrongChassisPullAndPark.jar
                          Status: SUCCESSFUL

Install File:             C:\Users\itluser\AppData\Local\Temp\901196.tmp\ecn4-extensions\sample_chassis_confirmWrongChassisPullAndPark\dist\confirm_wrong_chassis_pull_and_park_formModel.xml
                          Status: SUCCESSFUL

Install File:             C:\Users\itluser\AppData\Local\Temp\901196.tmp\ecn4-extensions\sample_chassis_confirmWrongChassisPullAndPark\dist\confirm_wrong_chassis_pull_and_park_stateModel.xml
                          Status: SUCCESSFUL

Install File:             C:\Users\itluser\AppData\Local\Temp\901196.tmp\ecn4-extensions\sample_chassis_confirmWrongChassisPullAndPark_web\dist\confirmWrongChassisPullAndPark_ecn4web.war
                          Status: SUCCESSFUL

Install File:             C:\Users\itluser\AppData\Local\Temp\901196.tmp\ecn4-extensions\sample_chassis_generic\dist\Chassis_ecn4web_generic.war
                          Status: SUCCESSFUL

Install File:             C:\Users\itluser\AppData\Local\Temp\901196.tmp\ecn4-extensions\sample_chassis_implementation\dist\Chassis_ecn4web.war
                          Status: SUCCESSFUL

Install File:             C:\Users\itluser\AppData\Local\Temp\901196.tmp\ecn4-extensions\sample_condition\dist\SampleConditionExtensions.jar
                          Status: SUCCESSFUL

Install File:             C:\Users\itluser\AppData\Local\Temp\901196.tmp\ecn4-extensions\sample_configurable_checkdigit\dist\configurableCheckDigit.jar
                          Status: SUCCESSFUL

Install File:             C:\Users\itluser\AppData\Local\Temp\901196.tmp\ecn4-extensions\sample_configurable_checkdigit\dist\configurable_checkdigit_formModel.xml
                          Status: SUCCESSFUL

Install File:             C:\Users\itluser\AppData\Local\Temp\901196.tmp\ecn4-extensions\sample_configurable_checkdigit\dist\configurable_checkdigit_stateModel.xml
                          Status: SUCCESSFUL

Install File:             C:\Users\itluser\AppData\Local\Temp\901196.tmp\ecn4-extensions\sample_configurable_checkdigit_ecn4web\dist\configurable_checkdigit_ecn4web.war
                          Status: SUCCESSFUL

Install File:             C:\Users\itluser\AppData\Local\Temp\901196.tmp\ecn4-extensions\sample_dbintfAbort03\dist\dbintfabort03extn.jar
                          Status: SUCCESSFUL

Install File:             C:\Users\itluser\AppData\Local\Temp\901196.tmp\ecn4-extensions\sample_dbintfAbort03\dist\dpwa_ecn4_settings.xml
                          Status: SUCCESSFUL

Install File:             C:\Users\itluser\AppData\Local\Temp\901196.tmp\ecn4-extensions\sample_dbintfAbort03\dist\ecn4_settings.xml
                          Status: SUCCESSFUL

Install File:             C:\Users\itluser\AppData\Local\Temp\901196.tmp\ecn4-extensions\sample_dbintfTLSAbort01\dist\TLSAbort01.jar
                          Status: SUCCESSFUL

Install File:             C:\Users\itluser\AppData\Local\Temp\901196.tmp\ecn4-extensions\sample_dbintfTLSAbort01\dist\dpwa_ecn4_settings.xml
                          Status: SUCCESSFUL

Install File:             C:\Users\itluser\AppData\Local\Temp\901196.tmp\ecn4-extensions\sample_dbintfTLSAbort01\dist\ecn4_settings.xml
                          Status: SUCCESSFUL

Install File:             C:\Users\itluser\AppData\Local\Temp\901196.tmp\ecn4-extensions\sample_deckWithCurrentTimeframe\dist\deckWithCurrentTimeframe.jar
                          Status: SUCCESSFUL

Install File:             C:\Users\itluser\AppData\Local\Temp\901196.tmp\ecn4-extensions\sample_deckWithCurrentTimeframe\dist\deckWithCurrentTimeframeStatemodel.xml
                          Status: SUCCESSFUL

Install File:             C:\Users\itluser\AppData\Local\Temp\901196.tmp\ecn4-extensions\sample_deckWithCurrentTimeframe\dist\ecn4_settings.xml
                          Status: SUCCESSFUL

Install File:             C:\Users\itluser\AppData\Local\Temp\901196.tmp\ecn4-extensions\sample_displayClock\dist\displayClock.war
                          Status: SUCCESSFUL

Install File:             C:\Users\itluser\AppData\Local\Temp\901196.tmp\ecn4-extensions\sample_droppedOnLiftedTruck\dist\DropOnLiftedTruck.jar
                          Status: SUCCESSFUL

Install File:             C:\Users\itluser\AppData\Local\Temp\901196.tmp\ecn4-extensions\sample_droppedOnLiftedTruck\dist\droppedOnLiftedTruckStatemodel.xml
                          Status: SUCCESSFUL

Install File:             C:\Users\itluser\AppData\Local\Temp\901196.tmp\ecn4-extensions\sample_ecn4_translation\dist\SampleEcn4Translation.jar
                          Status: SUCCESSFUL

Install File:             C:\Users\itluser\AppData\Local\Temp\901196.tmp\ecn4-extensions\sample_ecn4_translation\dist\xmlrdtMessages_en_US.properties
                          Status: SUCCESSFUL

Install File:             C:\Users\itluser\AppData\Local\Temp\901196.tmp\ecn4-extensions\sample_ecn4_translation\dist\xmlrdtMessages_en_US_V1.properties
                          Status: SUCCESSFUL

Install File:             C:\Users\itluser\AppData\Local\Temp\901196.tmp\ecn4-extensions\sample_ecn4_translation\dist\xmlrdtMessages_fr.properties
                          Status: SUCCESSFUL

Install File:             C:\Users\itluser\AppData\Local\Temp\901196.tmp\ecn4-extensions\sample_estimated_moveTime_joblistSorter\dist\estimated_moveTime_joblistSorter.jar
                          Status: SUCCESSFUL

Install File:             C:\Users\itluser\AppData\Local\Temp\901196.tmp\ecn4-extensions\sample_estimated_moveTime_joblistSorter\dist\joblistSorters_en_US.properties
                          Status: SUCCESSFUL

Install File:             C:\Users\itluser\AppData\Local\Temp\901196.tmp\ecn4-extensions\sample_filter\dist\MockFilterExtensions.jar
                          Status: SUCCESSFUL

Install File:             C:\Users\itluser\AppData\Local\Temp\901196.tmp\ecn4-extensions\sample_filter\dist\joblistFilters_en_US.properties
                          Status: SUCCESSFUL

Install File:             C:\Users\itluser\AppData\Local\Temp\901196.tmp\ecn4-extensions\sample_filter\dist\joblistFilters_fr.properties
                          Status: SUCCESSFUL

Install File:             C:\Users\itluser\AppData\Local\Temp\901196.tmp\ecn4-extensions\sample_groovy_ExperimentalDispatchRequestProcessor\dist\ExperimentalDispatchRequestProcessor.groovy
                          Status: SUCCESSFUL

Install File:             C:\Users\itluser\AppData\Local\Temp\901196.tmp\ecn4-extensions\sample_groovy_ReachStackerYardShiftCalculator\dist\ReachStackerYardShiftCalculator.groovy
                          Status: SUCCESSFUL

Install File:             C:\Users\itluser\AppData\Local\Temp\901196.tmp\ecn4-extensions\sample_groovy_ReachStackerYardShiftCalculator\dist\ecn4_settings.xml
                          Status: SUCCESSFUL

Install File:             C:\Users\itluser\AppData\Local\Temp\901196.tmp\ecn4-extensions\sample_idle_che_range\dist\idle_che_range.war
                          Status: SUCCESSFUL

Install File:             C:\Users\itluser\AppData\Local\Temp\901196.tmp\ecn4-extensions\sample_lang_select_web\dist\Ecn4WebLangSelect.war
                          Status: SUCCESSFUL

Install File:             C:\Users\itluser\AppData\Local\Temp\901196.tmp\ecn4-extensions\sample_lift_no_operator\dist\LiftNoOperator.jar
                          Status: SUCCESSFUL

Install File:             C:\Users\itluser\AppData\Local\Temp\901196.tmp\ecn4-extensions\sample_lift_no_operator\dist\ecn4_settings.xml
                          Status: SUCCESSFUL

Install File:             C:\Users\itluser\AppData\Local\Temp\901196.tmp\ecn4-extensions\sample_lift_no_operator\dist\no_operator_formModel.xml
                          Status: SUCCESSFUL

Install File:             C:\Users\itluser\AppData\Local\Temp\901196.tmp\ecn4-extensions\sample_lift_no_operator\dist\no_operator_stateModel.xml
                          Status: SUCCESSFUL

Install File:             C:\Users\itluser\AppData\Local\Temp\901196.tmp\ecn4-extensions\sample_lift_no_operator_web\dist\LiftNoOperatorWeb.war
                          Status: SUCCESSFUL

Install File:             C:\Users\itluser\AppData\Local\Temp\901196.tmp\ecn4-extensions\sample_message_filter\dist\SampleMessageFilterExtensions.jar
                          Status: SUCCESSFUL

Install File:             C:\Users\itluser\AppData\Local\Temp\901196.tmp\ecn4-extensions\sample_message_filter\dist\ecn4_settings.xml
                          Status: SUCCESSFUL

Install File:             C:\Users\itluser\AppData\Local\Temp\901196.tmp\ecn4-extensions\sample_message_filter\dist\message_filter_stateModel.xml
                          Status: SUCCESSFUL

Install File:             C:\Users\itluser\AppData\Local\Temp\901196.tmp\ecn4-extensions\sample_nominated_che_joblistFilter\dist\joblistFilters_en_US.properties
                          Status: SUCCESSFUL

Install File:             C:\Users\itluser\AppData\Local\Temp\901196.tmp\ecn4-extensions\sample_nominated_che_joblistFilter\dist\nominated_che_JobList_Filter.jar
                          Status: SUCCESSFUL

Install File:             C:\Users\itluser\AppData\Local\Temp\901196.tmp\ecn4-extensions\sample_nominated_che_tpRange_joblistFilter\dist\NominatedCheTpRangeJobListFilter.groovy
                          Status: SUCCESSFUL

Install File:             C:\Users\itluser\AppData\Local\Temp\901196.tmp\ecn4-extensions\sample_non_nominated_railche_joblistFilter\dist\joblistFilters_en_US.properties
                          Status: SUCCESSFUL

Install File:             C:\Users\itluser\AppData\Local\Temp\901196.tmp\ecn4-extensions\sample_non_nominated_railche_joblistFilter\dist\nonnominated_railche_Joblist_Filter.jar
                          Status: SUCCESSFUL

Install File:             C:\Users\itluser\AppData\Local\Temp\901196.tmp\ecn4-extensions\sample_post_transition\dist\SamplePostTransitionExtensions.jar
                          Status: SUCCESSFUL

Install File:             C:\Users\itluser\AppData\Local\Temp\901196.tmp\ecn4-extensions\sample_pow_or_cherange_joblist_filter\dist\Pow_Or_Cherange_Joblist_Filter.jar
                          Status: SUCCESSFUL

Install File:             C:\Users\itluser\AppData\Local\Temp\901196.tmp\ecn4-extensions\sample_pow_or_cherange_joblist_filter\dist\joblistFilters_en_US.properties
                          Status: SUCCESSFUL

Install File:             C:\Users\itluser\AppData\Local\Temp\901196.tmp\ecn4-extensions\sample_pre_transition\dist\SamplePreTransitionExtensions.jar
                          Status: SUCCESSFUL

Install File:             C:\Users\itluser\AppData\Local\Temp\901196.tmp\ecn4-extensions\sample_prefix_in_tbd_ui_screens\dist\Prefix_tbd_ecn4web.war
                          Status: SUCCESSFUL

Install File:             C:\Users\itluser\AppData\Local\Temp\901196.tmp\ecn4-extensions\sample_progress_no_che_f1\dist\ProgressNoCheF1.jar
                          Status: SUCCESSFUL

Install File:             C:\Users\itluser\AppData\Local\Temp\901196.tmp\ecn4-extensions\sample_progress_no_che_f1\dist\ecn4_settings.xml
                          Status: SUCCESSFUL

Install File:             C:\Users\itluser\AppData\Local\Temp\901196.tmp\ecn4-extensions\sample_progress_no_che_f1\dist\progress_no_che_f1_stateModel.xml
                          Status: SUCCESSFUL

Install File:             C:\Users\itluser\AppData\Local\Temp\901196.tmp\ecn4-extensions\sample_queuing_strategy\dist\SampleEquipmentQueuingStrategyExtensions.jar
                          Status: SUCCESSFUL

Install File:             C:\Users\itluser\AppData\Local\Temp\901196.tmp\ecn4-extensions\sample_rail_default_joblist_filter\dist\default_railJobList_filter_preEvent.jar
                          Status: SUCCESSFUL

Install File:             C:\Users\itluser\AppData\Local\Temp\901196.tmp\ecn4-extensions\sample_refine_button\dist\alwaysRefine_currenttimeframe_stateModel.xml
                          Status: SUCCESSFUL

Install File:             C:\Users\itluser\AppData\Local\Temp\901196.tmp\ecn4-extensions\sample_refine_button\dist\refineButton.jar
                          Status: SUCCESSFUL

Install File:             C:\Users\itluser\AppData\Local\Temp\901196.tmp\ecn4-extensions\sample_refine_button\dist\refine_currentframe_stateModel.xml
                          Status: SUCCESSFUL

Install File:             C:\Users\itluser\AppData\Local\Temp\901196.tmp\ecn4-extensions\sample_refine_button\dist\refine_xd_drop_stateModel.xml
                          Status: SUCCESSFUL

Install File:             C:\Users\itluser\AppData\Local\Temp\901196.tmp\ecn4-extensions\sample_refine_button\dist\refine_xd_refine_stateModel.xml
                          Status: SUCCESSFUL

Install File:             C:\Users\itluser\AppData\Local\Temp\901196.tmp\ecn4-extensions\sample_refine_button\dist\refine_xd_refine_tentative_only_stateModel.xml
                          Status: SUCCESSFUL

Install File:             C:\Users\itluser\AppData\Local\Temp\901196.tmp\ecn4-extensions\sample_rehandle_count_joblist\dist\RehandleCountJoblistMessageFilter.jar
                          Status: SUCCESSFUL

Install File:             C:\Users\itluser\AppData\Local\Temp\901196.tmp\ecn4-extensions\sample_rehandle_count_joblist\dist\message_filter_stateModel.xml
                          Status: SUCCESSFUL

Install File:             C:\Users\itluser\AppData\Local\Temp\901196.tmp\ecn4-extensions\sample_rehandle_count_joblist_ecn4web\dist\RehandleCountJoblist.war
                          Status: SUCCESSFUL

Install File:             C:\Users\itluser\AppData\Local\Temp\901196.tmp\ecn4-extensions\sample_show_attribute_on_FORM\dist\showAttribute.war
                          Status: SUCCESSFUL

Install File:             C:\Users\itluser\AppData\Local\Temp\901196.tmp\ecn4-extensions\sample_show_vessel_bay_number\dist\show_vessel_bay_number.war
                          Status: SUCCESSFUL

Install File:             C:\Users\itluser\AppData\Local\Temp\901196.tmp\ecn4-extensions\sample_sort_joblist_by_location\dist\JobListSorterByCurrentLocation.groovy
                          Status: SUCCESSFUL

Install File:             C:\Users\itluser\AppData\Local\Temp\901196.tmp\ecn4-extensions\sample_sorter\dist\MockSorterExtensions.jar
                          Status: SUCCESSFUL

Install File:             C:\Users\itluser\AppData\Local\Temp\901196.tmp\ecn4-extensions\sample_sorter\dist\joblistSorters_en_US.properties
                          Status: SUCCESSFUL

Install File:             C:\Users\itluser\AppData\Local\Temp\901196.tmp\ecn4-extensions\sample_sorter\dist\joblistSorters_fr.properties
                          Status: SUCCESSFUL

Install File:             C:\Users\itluser\AppData\Local\Temp\901196.tmp\ecn4-extensions\sample_staf_joblist_filter\dist\Sample_Staf_Joblist_Filter.jar
                          Status: SUCCESSFUL

Install File:             C:\Users\itluser\AppData\Local\Temp\901196.tmp\ecn4-extensions\sample_straddle_lifts_tbd\dist\straddle_lifts_tbd.jar
                          Status: SUCCESSFUL

Install File:             C:\Users\itluser\AppData\Local\Temp\901196.tmp\ecn4-extensions\sample_straddle_lifts_tbd\dist\straddle_lifts_tbd_stateModel.xml
                          Status: SUCCESSFUL

Install File:             C:\Users\itluser\AppData\Local\Temp\901196.tmp\ecn4-extensions\sample_straddle_lifts_tbd_ecn4web\dist\straddle_lifts_tbd_ecn4web.war
                          Status: SUCCESSFUL

Install File:             C:\Users\itluser\AppData\Local\Temp\901196.tmp\ecn4-extensions\sample_super_user_form_web\dist\SuperUserFormWeb.war
                          Status: SUCCESSFUL

Install File:             C:\Users\itluser\AppData\Local\Temp\901196.tmp\ecn4-extensions\sample_superuser_workflow\dist\SuperUserWorkFlowExtensions.jar
                          Status: SUCCESSFUL

Install File:             C:\Users\itluser\AppData\Local\Temp\901196.tmp\ecn4-extensions\sample_superuser_workflow\dist\ecn4_settings.xml
                          Status: SUCCESSFUL

Install File:             C:\Users\itluser\AppData\Local\Temp\901196.tmp\ecn4-extensions\sample_superuser_workflow\dist\super_user_formModel.xml
                          Status: SUCCESSFUL

Install File:             C:\Users\itluser\AppData\Local\Temp\901196.tmp\ecn4-extensions\sample_superuser_workflow\dist\super_user_stateModel.xml
                          Status: SUCCESSFUL

Install File:             C:\Users\itluser\AppData\Local\Temp\901196.tmp\ecn4-extensions\sample_tbd_rehandle_with_single_container\dist\tbd_rehandle_with_single_container.war
                          Status: SUCCESSFUL

Install File:             C:\Users\itluser\AppData\Local\Temp\901196.tmp\ecn4-extensions\sample_transition\dist\SampleTransitionExtensions.jar
                          Status: SUCCESSFUL

Install File:             C:\Users\itluser\AppData\Local\Temp\901196.tmp\ecn4-extensions\sample_tt_associated_pow_form_handler\dist\TTAssociatedPOWDispatchXmlRdtFormHandler.groovy
                          Status: SUCCESSFUL

Install File:             C:\Users\itluser\AppData\Local\Temp\901196.tmp\ecn4-extensions\sample_tt_associated_pow_form_handler\dist\tt_associated_pow_form_handler.xml
                          Status: SUCCESSFUL

Install File:             C:\Users\itluser\AppData\Local\Temp\901196.tmp\ecn4-extensions\sample_unavailableRemainDispatched\dist\unavailableRemainDispatched.jar
                          Status: SUCCESSFUL

Install File:             C:\Users\itluser\AppData\Local\Temp\901196.tmp\ecn4-extensions\sample_unavailableRemainDispatched\dist\unavailableTruckRemainDispatchedStatemodel.xml
                          Status: SUCCESSFUL

Install File:             C:\Users\itluser\AppData\Local\Temp\901196.tmp\ecn4-extensions\sample_validate_surrogate_select_available_che\dist\validate_surrogate_select_available_che.jar
                          Status: SUCCESSFUL

Install File:             C:\Users\itluser\AppData\Local\Temp\901196.tmp\ecn4-extensions\sample_validate_surrogate_select_available_che\dist\validate_surrogate_select_available_che_StateModel.xml
                          Status: SUCCESSFUL

Install File:             C:\Users\itluser\AppData\Local\Temp\901196.tmp\ecn4-extensions\sample_validate_truck_logged_in\dist\validateTruckLoggedIn.jar
                          Status: SUCCESSFUL

Install File:             C:\Users\itluser\AppData\Local\Temp\901196.tmp\ecn4-extensions\sample_validate_truck_logged_in\dist\validate_truck_logged_in.xml
                          Status: SUCCESSFUL

Install File:             C:\Users\itluser\AppData\Local\Temp\901196.tmp\ecn4-extensions\sample_validate_twins_deck\dist\validateTwinsDeck.jar
                          Status: SUCCESSFUL

Install File:             C:\Users\itluser\AppData\Local\Temp\901196.tmp\ecn4-extensions\sample_validate_twins_deck\dist\validate_twins_deck_statemodel.xml
                          Status: SUCCESSFUL

Install File:             C:\Users\itluser\AppData\Local\Temp\901196.tmp\ecn4-extensions\sample_validate_user_transition_event\dist\validate_user_login_StateModel.xml
                          Status: SUCCESSFUL

Install File:             C:\Users\itluser\AppData\Local\Temp\901196.tmp\ecn4-extensions\sample_validate_user_transition_event\dist\validate_user_transition_event.jar
                          Status: SUCCESSFUL

Install File:             C:\Users\itluser\AppData\Local\Temp\901196.tmp\ecn4-extensions\sample_xmlrdt_form_handler\dist\SampleXmlrdtFormHandlerExtensions.jar
                          Status: SUCCESSFUL

Expand Archive:           C:\Users\itluser\AppData\Local\Temp\901196.tmp\ecn4-extensions.zip
                          Status: SUCCESSFUL

Install Directory:        D:\NAVIS\
                          Status: SUCCESSFUL
                          Additional Notes: NOTE - Directory already existed

Install File:             D:\NAVIS\ecn4\bin\ecn4.bat
                          Status: SUCCESSFUL

Install File:             D:\NAVIS\ecn4\bin\ecn4.sh
                          Status: SUCCESSFUL

Install File:             D:\NAVIS\ecn4\bin\stopEcn4.bat
                          Status: SUCCESSFUL

Install File:             D:\NAVIS\ecn4\bin\ecn4-32bit.exe
                          Status: SUCCESSFUL

Install File:             D:\NAVIS\ecn4\bin\ecn4.exe
                          Status: SUCCESSFUL

Install File:             D:\NAVIS\ecn4\bin\ecn4w.exe
                          Status: SUCCESSFUL

Install File:             D:\NAVIS\ecn4\lib\FastInfoset.jar
                          Status: SUCCESSFUL

Install File:             D:\NAVIS\ecn4\lib\abdera-client-incubating.jar
                          Status: SUCCESSFUL

Install File:             D:\NAVIS\ecn4\lib\abdera-core-incubating.jar
                          Status: SUCCESSFUL

Install File:             D:\NAVIS\ecn4\lib\abdera-i18n-incubating.jar
                          Status: SUCCESSFUL

Install File:             D:\NAVIS\ecn4\lib\abdera-parser-incubating.jar
                          Status: SUCCESSFUL

Install File:             D:\NAVIS\ecn4\lib\abdera-server-incubating.jar
                          Status: SUCCESSFUL

Install File:             D:\NAVIS\ecn4\lib\abdera-spring-incubating.jar
                          Status: SUCCESSFUL

Install File:             D:\NAVIS\ecn4\lib\activation.jar
                          Status: SUCCESSFUL

Install File:             D:\NAVIS\ecn4\lib\activemq.jar
                          Status: SUCCESSFUL

Install File:             D:\NAVIS\ecn4\lib\antlr.jar
                          Status: SUCCESSFUL

Install File:             D:\NAVIS\ecn4\lib\asm-commons.jar
                          Status: SUCCESSFUL

Install File:             D:\NAVIS\ecn4\lib\asm.jar
                          Status: SUCCESSFUL

Install File:             D:\NAVIS\ecn4\lib\aspectjrt.jar
                          Status: SUCCESSFUL

Install File:             D:\NAVIS\ecn4\lib\axiom-api.jar
                          Status: SUCCESSFUL

Install File:             D:\NAVIS\ecn4\lib\axiom-impl.jar
                          Status: SUCCESSFUL

Install File:             D:\NAVIS\ecn4\lib\axis.jar
                          Status: SUCCESSFUL

Install File:             D:\NAVIS\ecn4\lib\backport-util-concurrent.jar
                          Status: SUCCESSFUL

Install File:             D:\NAVIS\ecn4\lib\barbecue.jar
                          Status: SUCCESSFUL

Install File:             D:\NAVIS\ecn4\lib\barcode4j-fop-ext-complete.jar
                          Status: SUCCESSFUL

Install File:             D:\NAVIS\ecn4\lib\bcel.jar
                          Status: SUCCESSFUL

Install File:             D:\NAVIS\ecn4\lib\c3p0-0.9.1.2.jar
                          Status: SUCCESSFUL

Install File:             D:\NAVIS\ecn4\lib\cglib2.jar
                          Status: SUCCESSFUL

Install File:             D:\NAVIS\ecn4\lib\commons-beanutils.jar
                          Status: SUCCESSFUL

Install File:             D:\NAVIS\ecn4\lib\commons-cli.jar
                          Status: SUCCESSFUL

Install File:             D:\NAVIS\ecn4\lib\commons-codec.jar
                          Status: SUCCESSFUL

Install File:             D:\NAVIS\ecn4\lib\commons-collections.jar
                          Status: SUCCESSFUL

Install File:             D:\NAVIS\ecn4\lib\commons-dbcp.jar
                          Status: SUCCESSFUL

Install File:             D:\NAVIS\ecn4\lib\commons-dbutils.jar
                          Status: SUCCESSFUL

Install File:             D:\NAVIS\ecn4\lib\commons-digester.jar
                          Status: SUCCESSFUL

Install File:             D:\NAVIS\ecn4\lib\commons-discovery.jar
                          Status: SUCCESSFUL

Install File:             D:\NAVIS\ecn4\lib\commons-el.jar
                          Status: SUCCESSFUL

Install File:             D:\NAVIS\ecn4\lib\commons-exec-1.3.jar
                          Status: SUCCESSFUL

Install File:             D:\NAVIS\ecn4\lib\commons-fileupload.jar
                          Status: SUCCESSFUL

Install File:             D:\NAVIS\ecn4\lib\commons-httpclient.jar
                          Status: SUCCESSFUL

Install File:             D:\NAVIS\ecn4\lib\commons-io.jar
                          Status: SUCCESSFUL

Install File:             D:\NAVIS\ecn4\lib\commons-lang.jar
                          Status: SUCCESSFUL

Install File:             D:\NAVIS\ecn4\lib\commons-logging.jar
                          Status: SUCCESSFUL

Install File:             D:\NAVIS\ecn4\lib\commons-math.jar
                          Status: SUCCESSFUL

Install File:             D:\NAVIS\ecn4\lib\commons-net.jar
                          Status: SUCCESSFUL

Install File:             D:\NAVIS\ecn4\lib\commons-pool.jar
                          Status: SUCCESSFUL

Install File:             D:\NAVIS\ecn4\lib\commons-validator.jar
                          Status: SUCCESSFUL

Install File:             D:\NAVIS\ecn4\lib\commons-vfs.jar
                          Status: SUCCESSFUL

Install File:             D:\NAVIS\ecn4\lib\cxf.jar
                          Status: SUCCESSFUL

Install File:             D:\NAVIS\ecn4\lib\diffutils.jar
                          Status: SUCCESSFUL

Install File:             D:\NAVIS\ecn4\lib\dom4j.jar
                          Status: SUCCESSFUL

Install File:             D:\NAVIS\ecn4\lib\drools-compiler.jar
                          Status: SUCCESSFUL

Install File:             D:\NAVIS\ecn4\lib\drools-core.jar
                          Status: SUCCESSFUL

Install File:             D:\NAVIS\ecn4\lib\drools-persistence-jpa.jar
                          Status: SUCCESSFUL

Install File:             D:\NAVIS\ecn4\lib\drools-spring.jar
                          Status: SUCCESSFUL

Install File:             D:\NAVIS\ecn4\lib\easymock.jar
                          Status: SUCCESSFUL

Install File:             D:\NAVIS\ecn4\lib\extra166y.jar
                          Status: SUCCESSFUL

Install File:             D:\NAVIS\ecn4\lib\groovy-all.jar
                          Status: SUCCESSFUL

Install File:             D:\NAVIS\ecn4\lib\groovy-wslite.jar
                          Status: SUCCESSFUL

Install File:             D:\NAVIS\ecn4\lib\groovyws.jar
                          Status: SUCCESSFUL

Install File:             D:\NAVIS\ecn4\lib\gson.jar
                          Status: SUCCESSFUL

Install File:             D:\NAVIS\ecn4\lib\guava.jar
                          Status: SUCCESSFUL

Install File:             D:\NAVIS\ecn4\lib\hazelcast-all.jar
                          Status: SUCCESSFUL

Install File:             D:\NAVIS\ecn4\lib\hibernate-annotations.jar
                          Status: SUCCESSFUL

Install File:             D:\NAVIS\ecn4\lib\hibernate-commons-annotations.jar
                          Status: SUCCESSFUL

Install File:             D:\NAVIS\ecn4\lib\hibernate-entitymanager.jar
                          Status: SUCCESSFUL

Install File:             D:\NAVIS\ecn4\lib\hibernate-spatial-mysql.jar
                          Status: SUCCESSFUL

Install File:             D:\NAVIS\ecn4\lib\hibernate-spatial-oracle.jar
                          Status: SUCCESSFUL

Install File:             D:\NAVIS\ecn4\lib\hibernate-spatial-postgis.jar
                          Status: SUCCESSFUL

Install File:             D:\NAVIS\ecn4\lib\hibernate-spatial-sqlserver.jar
                          Status: SUCCESSFUL

Install File:             D:\NAVIS\ecn4\lib\hibernate-spatial.jar
                          Status: SUCCESSFUL

Install File:             D:\NAVIS\ecn4\lib\hibernate2.jar
                          Status: SUCCESSFUL

Install File:             D:\NAVIS\ecn4\lib\hibernate3.jar
                          Status: SUCCESSFUL

Install File:             D:\NAVIS\ecn4\lib\hsqldb.jar
                          Status: SUCCESSFUL

Install File:             D:\NAVIS\ecn4\lib\iTextAsian.jar
                          Status: SUCCESSFUL

Install File:             D:\NAVIS\ecn4\lib\ibeans-annotation-api.jar
                          Status: SUCCESSFUL

Install File:             D:\NAVIS\ecn4\lib\ibeans-support.jar
                          Status: SUCCESSFUL

Install File:             D:\NAVIS\ecn4\lib\idea-annotations.jar
                          Status: SUCCESSFUL

Install File:             D:\NAVIS\ecn4\lib\j2ee-connector-1.5-spec.jar
                          Status: SUCCESSFUL

Install File:             D:\NAVIS\ecn4\lib\jackson-core-asl.jar
                          Status: SUCCESSFUL

Install File:             D:\NAVIS\ecn4\lib\jackson-mapper-asl.jar
                          Status: SUCCESSFUL

Install File:             D:\NAVIS\ecn4\lib\jakarta-oro.jar
                          Status: SUCCESSFUL

Install File:             D:\NAVIS\ecn4\lib\jasperreports-fonts.jar
                          Status: SUCCESSFUL

Install File:             D:\NAVIS\ecn4\lib\javamail.jar
                          Status: SUCCESSFUL

Install File:             D:\NAVIS\ecn4\lib\javassist.jar
                          Status: SUCCESSFUL

Install File:             D:\NAVIS\ecn4\lib\jaxb-core.jar
                          Status: SUCCESSFUL

Install File:             D:\NAVIS\ecn4\lib\jaxb-jxc.jar
                          Status: SUCCESSFUL

Install File:             D:\NAVIS\ecn4\lib\jaxen.jar
                          Status: SUCCESSFUL

Install File:             D:\NAVIS\ecn4\lib\jaxrpc.jar
                          Status: SUCCESSFUL

Install File:             D:\NAVIS\ecn4\lib\jbpm-bam.jar
                          Status: SUCCESSFUL

Install File:             D:\NAVIS\ecn4\lib\jbpm-bpmn2.jar
                          Status: SUCCESSFUL

Install File:             D:\NAVIS\ecn4\lib\jbpm-flow-builder.jar
                          Status: SUCCESSFUL

Install File:             D:\NAVIS\ecn4\lib\jbpm-flow.jar
                          Status: SUCCESSFUL

Install File:             D:\NAVIS\ecn4\lib\jbpm-persistence-jpa.jar
                          Status: SUCCESSFUL

Install File:             D:\NAVIS\ecn4\lib\jbpm-workitems.jar
                          Status: SUCCESSFUL

Install File:             D:\NAVIS\ecn4\lib\jcommon.jar
                          Status: SUCCESSFUL

Install File:             D:\NAVIS\ecn4\lib\jdom.jar
                          Status: SUCCESSFUL

Install File:             D:\NAVIS\ecn4\lib\jemmy.jar
                          Status: SUCCESSFUL

Install File:             D:\NAVIS\ecn4\lib\jersey-client.jar
                          Status: SUCCESSFUL

Install File:             D:\NAVIS\ecn4\lib\jersey-core.jar
                          Status: SUCCESSFUL

Install File:             D:\NAVIS\ecn4\lib\jetty-util.jar
                          Status: SUCCESSFUL

Install File:             D:\NAVIS\ecn4\lib\jetty.jar
                          Status: SUCCESSFUL

Install File:             D:\NAVIS\ecn4\lib\jfreechart.jar
                          Status: SUCCESSFUL

Install File:             D:\NAVIS\ecn4\lib\jgrapht-core.jar
                          Status: SUCCESSFUL

Install File:             D:\NAVIS\ecn4\lib\jscience.jar
                          Status: SUCCESSFUL

Install File:             D:\NAVIS\ecn4\lib\jsr107-cache-api.jar
                          Status: SUCCESSFUL

Install File:             D:\NAVIS\ecn4\lib\jsr166y.jar
                          Status: SUCCESSFUL

Install File:             D:\NAVIS\ecn4\lib\jsr311-api.jar
                          Status: SUCCESSFUL

Install File:             D:\NAVIS\ecn4\lib\jstaf.jar
                          Status: SUCCESSFUL

Install File:             D:\NAVIS\ecn4\lib\jta.jar
                          Status: SUCCESSFUL

Install File:             D:\NAVIS\ecn4\lib\jtds.jar
                          Status: SUCCESSFUL

Install File:             D:\NAVIS\ecn4\lib\jts.jar
                          Status: SUCCESSFUL

Install File:             D:\NAVIS\ecn4\lib\jtsio.jar
                          Status: SUCCESSFUL

Install File:             D:\NAVIS\ecn4\lib\jug.jar
                          Status: SUCCESSFUL

Install File:             D:\NAVIS\ecn4\lib\junit.jar
                          Status: SUCCESSFUL

Install File:             D:\NAVIS\ecn4\lib\jxl.jar
                          Status: SUCCESSFUL

Install File:             D:\NAVIS\ecn4\lib\knowledge-api.jar
                          Status: SUCCESSFUL

Install File:             D:\NAVIS\ecn4\lib\knowledge-internal-api.jar
                          Status: SUCCESSFUL

Install File:             D:\NAVIS\ecn4\lib\log4j.jar
                          Status: SUCCESSFUL

Install File:             D:\NAVIS\ecn4\lib\metrics-annotation.jar
                          Status: SUCCESSFUL

Install File:             D:\NAVIS\ecn4\lib\metrics-core.jar
                          Status: SUCCESSFUL

Install File:             D:\NAVIS\ecn4\lib\metrics-healthchecks.jar
                          Status: SUCCESSFUL

Install File:             D:\NAVIS\ecn4\lib\metrics-influxdb.jar
                          Status: SUCCESSFUL

Install File:             D:\NAVIS\ecn4\lib\metrics-jvm.jar
                          Status: SUCCESSFUL

Install File:             D:\NAVIS\ecn4\lib\metrics-servlets.jar
                          Status: SUCCESSFUL

Install File:             D:\NAVIS\ecn4\lib\metrics-spring.jar
                          Status: SUCCESSFUL

Install File:             D:\NAVIS\ecn4\lib\mina-core.jar
                          Status: SUCCESSFUL

Install File:             D:\NAVIS\ecn4\lib\mockito-all-1.9.5.jar
                          Status: SUCCESSFUL

Install File:             D:\NAVIS\ecn4\lib\mule-module-annotations.jar
                          Status: SUCCESSFUL

Install File:             D:\NAVIS\ecn4\lib\mule-module-atom.jar
                          Status: SUCCESSFUL

Install File:             D:\NAVIS\ecn4\lib\mule-module-ibeans.jar
                          Status: SUCCESSFUL

Install File:             D:\NAVIS\ecn4\lib\mule-module-json.jar
                          Status: SUCCESSFUL

Install File:             D:\NAVIS\ecn4\lib\mule-module-rss.jar
                          Status: SUCCESSFUL

Install File:             D:\NAVIS\ecn4\lib\mule-tests-functional.jar
                          Status: SUCCESSFUL

Install File:             D:\NAVIS\ecn4\lib\mule.jar
                          Status: SUCCESSFUL

Install File:             D:\NAVIS\ecn4\lib\mvel2-2.1.0.drools16.jar
                          Status: SUCCESSFUL

Install File:             D:\NAVIS\ecn4\lib\mx4j-remote.jar
                          Status: SUCCESSFUL

Install File:             D:\NAVIS\ecn4\lib\mx4j-tools.jar
                          Status: SUCCESSFUL

Install File:             D:\NAVIS\ecn4\lib\n4-ecn4.jar
                          Status: SUCCESSFUL

Install File:             D:\NAVIS\ecn4\lib\n4-framework.jar
                          Status: SUCCESSFUL

Install File:             D:\NAVIS\ecn4\lib\n4-xpscache.jar
                          Status: SUCCESSFUL

Install File:             D:\NAVIS\ecn4\lib\neethi.jar
                          Status: SUCCESSFUL

Install File:             D:\NAVIS\ecn4\lib\objenesis.jar
                          Status: SUCCESSFUL

Install File:             D:\NAVIS\ecn4\lib\ognl-osgi.jar
                          Status: SUCCESSFUL

Install File:             D:\NAVIS\ecn4\lib\org.springframework.aop.jar
                          Status: SUCCESSFUL

Install File:             D:\NAVIS\ecn4\lib\org.springframework.asm.jar
                          Status: SUCCESSFUL

Install File:             D:\NAVIS\ecn4\lib\org.springframework.beans.jar
                          Status: SUCCESSFUL

Install File:             D:\NAVIS\ecn4\lib\org.springframework.context.jar
                          Status: SUCCESSFUL

Install File:             D:\NAVIS\ecn4\lib\org.springframework.context.support.jar
                          Status: SUCCESSFUL

Install File:             D:\NAVIS\ecn4\lib\org.springframework.core.jar
                          Status: SUCCESSFUL

Install File:             D:\NAVIS\ecn4\lib\org.springframework.expression.jar
                          Status: SUCCESSFUL

Install File:             D:\NAVIS\ecn4\lib\org.springframework.jdbc.jar
                          Status: SUCCESSFUL

Install File:             D:\NAVIS\ecn4\lib\org.springframework.orm.jar
                          Status: SUCCESSFUL

Install File:             D:\NAVIS\ecn4\lib\org.springframework.oxm.jar
                          Status: SUCCESSFUL

Install File:             D:\NAVIS\ecn4\lib\org.springframework.transaction.jar
                          Status: SUCCESSFUL

Install File:             D:\NAVIS\ecn4\lib\org.springframework.web.jar
                          Status: SUCCESSFUL

Install File:             D:\NAVIS\ecn4\lib\persistence-api.jar
                          Status: SUCCESSFUL

Install File:             D:\NAVIS\ecn4\lib\png-encoder.jar
                          Status: SUCCESSFUL

Install File:             D:\NAVIS\ecn4\lib\poi-ooxml-schemas.jar
                          Status: SUCCESSFUL

Install File:             D:\NAVIS\ecn4\lib\poi-ooxml.jar
                          Status: SUCCESSFUL

Install File:             D:\NAVIS\ecn4\lib\powermock.jar
                          Status: SUCCESSFUL

Install File:             D:\NAVIS\ecn4\lib\ppssdk_paypal_payflow.jar
                          Status: SUCCESSFUL

Install File:             D:\NAVIS\ecn4\lib\ppsws_paymentechGateway.jar
                          Status: SUCCESSFUL

Install File:             D:\NAVIS\ecn4\lib\protobuf-java.jar
                          Status: SUCCESSFUL

Install File:             D:\NAVIS\ecn4\lib\quality-check.jar
                          Status: SUCCESSFUL

Install File:             D:\NAVIS\ecn4\lib\quartz.jar
                          Status: SUCCESSFUL

Install File:             D:\NAVIS\ecn4\lib\rome.jar
                          Status: SUCCESSFUL

Install File:             D:\NAVIS\ecn4\lib\rxjava-1.0.13.jar
                          Status: SUCCESSFUL

Install File:             D:\NAVIS\ecn4\lib\saaj-impl.jar
                          Status: SUCCESSFUL

Install File:             D:\NAVIS\ecn4\lib\saaj.jar
                          Status: SUCCESSFUL

Install File:             D:\NAVIS\ecn4\lib\serializer.jar
                          Status: SUCCESSFUL

Install File:             D:\NAVIS\ecn4\lib\servlet-api.jar
                          Status: SUCCESSFUL

Install File:             D:\NAVIS\ecn4\lib\settingsDoclet.jar
                          Status: SUCCESSFUL

Install File:             D:\NAVIS\ecn4\lib\slf4j-api.jar
                          Status: SUCCESSFUL

Install File:             D:\NAVIS\ecn4\lib\slf4j-log4j12.jar
                          Status: SUCCESSFUL

Install File:             D:\NAVIS\ecn4\lib\spring-core-3.0.3.RELEASE.jar
                          Status: SUCCESSFUL

Install File:             D:\NAVIS\ecn4\lib\spring-jdbc-3.0.3.RELEASE.jar
                          Status: SUCCESSFUL

Install File:             D:\NAVIS\ecn4\lib\spring-ldap.jar
                          Status: SUCCESSFUL

Install File:             D:\NAVIS\ecn4\lib\spring-security-core.jar
                          Status: SUCCESSFUL

Install File:             D:\NAVIS\ecn4\lib\spring-tx-3.0.3.RELEASE.jar
                          Status: SUCCESSFUL

Install File:             D:\NAVIS\ecn4\lib\stax-api.jar
                          Status: SUCCESSFUL

Install File:             D:\NAVIS\ecn4\lib\stax-utils-osgi.jar
                          Status: SUCCESSFUL

Install File:             D:\NAVIS\ecn4\lib\tomcat-jdbc.jar
                          Status: SUCCESSFUL

Install File:             D:\NAVIS\ecn4\lib\tomcat-juli.jar
                          Status: SUCCESSFUL

Install File:             D:\NAVIS\ecn4\lib\uadetector-core.jar
                          Status: SUCCESSFUL

Install File:             D:\NAVIS\ecn4\lib\uadetector-resources.jar
                          Status: SUCCESSFUL

Install File:             D:\NAVIS\ecn4\lib\ulc-testframework-all.jar
                          Status: SUCCESSFUL

Install File:             D:\NAVIS\ecn4\lib\wrapper.jar
                          Status: SUCCESSFUL

Install File:             D:\NAVIS\ecn4\lib\ws-commons-util-1.0.2.jar
                          Status: SUCCESSFUL

Install File:             D:\NAVIS\ecn4\lib\wsdl4j.jar
                          Status: SUCCESSFUL

Install File:             D:\NAVIS\ecn4\lib\xalan.jar
                          Status: SUCCESSFUL

Install File:             D:\NAVIS\ecn4\lib\xapool-1.5.0-osgi.jar
                          Status: SUCCESSFUL

Install File:             D:\NAVIS\ecn4\lib\xbean-spring.jar
                          Status: SUCCESSFUL

Install File:             D:\NAVIS\ecn4\lib\xbean.jar
                          Status: SUCCESSFUL

Install File:             D:\NAVIS\ecn4\lib\xml-resolver.jar
                          Status: SUCCESSFUL

Install File:             D:\NAVIS\ecn4\lib\xmlgraphics-commons.jar
                          Status: SUCCESSFUL

Install File:             D:\NAVIS\ecn4\lib\xmlrpc-client-3.1.3.jar
                          Status: SUCCESSFUL

Install File:             D:\NAVIS\ecn4\lib\xmlrpc-common-3.1.3.jar
                          Status: SUCCESSFUL

Install File:             D:\NAVIS\ecn4\conf_template\queries.list
                          Status: SUCCESSFUL

Install File:             D:\NAVIS\ecn4\conf_template\log4j.xml
                          Status: SUCCESSFUL

Install File:             D:\NAVIS\ecn4\conf_template\ecn4-db.properties
                          Status: SUCCESSFUL

Install File:             D:\NAVIS\ecn4\conf_template\hsql\ecn4.script
                          Status: SUCCESSFUL

Install File:             D:\NAVIS\ecn4\conf_template\hyperic\ecn4-plugin.xml
                          Status: SUCCESSFUL

Install File:             D:\NAVIS\ecn4\extras\joblistFilters_en_US.properties
                          Status: SUCCESSFUL

Install File:             D:\NAVIS\ecn4\extras\joblistSorters_en_US.properties
                          Status: SUCCESSFUL

Install File:             D:\NAVIS\ecn4\extras\xmlrdtMessages_en_US.properties
                          Status: SUCCESSFUL

Install File:             D:\NAVIS\ecn4\conf_template\ecn4.conf
                          Status: SUCCESSFUL

Expand Archive:           D:\NAVIS\ecn4_prod.zip
                          Status: SUCCESSFUL

Install Directory:        D:\NAVIS\ecn4\
                          Status: SUCCESSFUL
                          Additional Notes: NOTE - Directory already existed

Install Directory:        D:\NAVIS\ecn4\conf_template\
                          Status: SUCCESSFUL
                          Additional Notes: NOTE - Directory already existed

Install File:             D:\NAVIS\ecn4\conf_template\ecn4_settings_prod.xml
                          Status: SUCCESSFUL

Modify Text File - Single File:   D:\NAVIS\ecn4\conf_template\ecn4_settings_prod.xml
                          Status: SUCCESSFUL

Install Directory:        D:\NAVIS\ecn4\uninstall\
                          Status: SUCCESSFUL

Install Uninstaller:      ECN4(Install All Uninstaller Components)
                          Status: SUCCESSFUL

Install File:             D:\NAVIS\ecn4\uninstall\UninstallECN4.exe
                          Status: SUCCESSFUL


Install File:             D:\NAVIS\ecn4\uninstall\UninstallECN4.lax
                          Status: SUCCESSFUL

Install Directory:        D:\NAVIS\ecn4\uninstall\resource\
                          Status: SUCCESSFUL

Install File:             D:\NAVIS\ecn4\uninstall\resource\iawin64_x64.dll
                          Status: SUCCESSFUL

Install File:             D:\NAVIS\ecn4\uninstall\resource\iawin32.dll
                          Status: SUCCESSFUL

Install File:             D:\NAVIS\ecn4\uninstall\resource\win64_32_x64.exe
                          Status: SUCCESSFUL

Install File:             D:\NAVIS\ecn4\uninstall\resource\remove.exe
                          Status: SUCCESSFUL

Install File:             D:\NAVIS\ecn4\uninstall\resource\invoker.exe
                          Status: SUCCESSFUL

Make Registry Entry:      Key: HKEY_LOCAL_MACHINE\SOFTWARE\Microsoft\Windows\CurrentVersion\Uninstall\ECN4
                          Value Name: DisplayName
                          Value Data: ECN4
                          Status: SUCCESSFUL

Make Registry Entry:      Key: HKEY_LOCAL_MACHINE\SOFTWARE\Microsoft\Windows\CurrentVersion\Uninstall\ECN4
                          Value Name: UninstallString
                          Value Data: "D:\NAVIS\ecn4\uninstall\UninstallECN4.exe"
                          Status: SUCCESSFUL

Make Registry Entry:      Key: HKEY_LOCAL_MACHINE\SOFTWARE\Microsoft\Windows\CurrentVersion\Uninstall\ECN4
                          Value Name: Publisher
                          Value Data: Navis LLC
                          Status: SUCCESSFUL

Make Registry Entry:      Key: HKEY_LOCAL_MACHINE\SOFTWARE\Microsoft\Windows\CurrentVersion\Uninstall\ECN4
                          Value Name: URLInfoAbout
                          Value Data: http://www.navis.com/index.jsp
                          Status: SUCCESSFUL

Make Registry Entry:      Key: HKEY_LOCAL_MACHINE\SOFTWARE\Microsoft\Windows\CurrentVersion\Uninstall\ECN4
                          Value Name: ProductID
                          Value Data: 163d1f5e-1f01-11b2-9490-ba029922edc2
                          Status: SUCCESSFUL

Make Registry Entry:      Key: HKEY_LOCAL_MACHINE\SOFTWARE\Microsoft\Windows\CurrentVersion\Uninstall\ECN4
                          Value Name: InstallLocation
                          Value Data: D:\NAVIS
                          Status: SUCCESSFUL

Make Registry Entry:      Key: HKEY_LOCAL_MACHINE\SOFTWARE\Microsoft\Windows\CurrentVersion\Uninstall\ECN4
                          Value Name: InstallDate
                          Value Data: Tue Aug 07 15:08:40 IST 2018
                          Status: SUCCESSFUL

Make Registry Entry:      Key: HKEY_LOCAL_MACHINE\SOFTWARE\Microsoft\Windows\CurrentVersion\Uninstall\ECN4
                          Value Name: DisplayVersion
                          Value Data: 3.5.0.0
                          Status: SUCCESSFUL

Make Registry Entry:      Key: HKEY_LOCAL_MACHINE\SOFTWARE\Microsoft\Windows\CurrentVersion\Uninstall\ECN4
                          Value Name: EstimatedSize
                          Value Data: 24cb9
                          Status: SUCCESSFUL

Install Uninstaller:      ECN4(Install All Uninstaller Components)
                          Status: SUCCESSFUL

Install Directory:        D:\NAVIS\ecn4\available-extensions\
                          Status: SUCCESSFUL

Move Folder:              Destination: D:\NAVIS\ecn4\available-extensions\ecn4-extensions\
                          Status: SUCCESSFUL

Execute ANT Script:       Script: 
                          Status: SUCCESSFUL

Set Environment Variable: JAVA_HOME = C:\Program Files\Java\jdk1.8.0_131
                          Status: SUCCESSFUL

Set Environment Variable: PATH = C:\Program Files\Java\jdk1.8.0_131\bin
                          Status: SUCCESSFUL

Refresh Windows Environment:   
                          Status: SUCCESSFUL

Install Directory:        D:\NAVIS\
                          Status: SUCCESSFUL
                          Additional Notes: NOTE - Directory already existed

Install Directory:        D:\NAVIS\ecn4\
                          Status: SUCCESSFUL
                          Additional Notes: NOTE - Directory already existed

Install Directory:        D:\NAVIS\ecn4\logs\
                          Status: SUCCESSFUL
                          Additional Notes: NOTE - Directory already existed

Copy Folder:              Destination: D:\NAVIS\ecn4\
                          Status: SUCCESSFUL

Install Directory:        C:\Users\itluser\AppData\Roaming\Microsoft\Windows\Start Menu\Programs\
                          Status: SUCCESSFUL
                          Additional Notes: NOTE - Directory already existed

Install Directory:        C:\Users\itluser\AppData\Roaming\Microsoft\Windows\Start Menu\Programs\Navis\
                          Status: SUCCESSFUL
                          Additional Notes: NOTE - Directory already existed

Create Shortcut:          C:\Users\itluser\AppData\Roaming\Microsoft\Windows\Start Menu\Programs\Navis\Navis ECN4 Configuration.lnk
                          Status: SUCCESSFUL


