21-Aug-2018 10:51:40.313 INFO [main] org.apache.catalina.startup.VersionLoggerListener.log Server version:        Apache Tomcat/8.0.35
21-Aug-2018 10:51:40.313 INFO [main] org.apache.catalina.startup.VersionLoggerListener.log Server built:          May 11 2016 21:57:08 UTC
21-Aug-2018 10:51:40.313 INFO [main] org.apache.catalina.startup.VersionLoggerListener.log Server number:         8.0.35.0
21-Aug-2018 10:51:40.313 INFO [main] org.apache.catalina.startup.VersionLoggerListener.log OS Name:               Windows 8.1
21-Aug-2018 10:51:40.313 INFO [main] org.apache.catalina.startup.VersionLoggerListener.log OS Version:            6.3
21-Aug-2018 10:51:40.313 INFO [main] org.apache.catalina.startup.VersionLoggerListener.log Architecture:          amd64
21-Aug-2018 10:51:40.313 INFO [main] org.apache.catalina.startup.VersionLoggerListener.log Java Home:             C:\Program Files\Java\jre1.8.0_131
21-Aug-2018 10:51:40.313 INFO [main] org.apache.catalina.startup.VersionLoggerListener.log JVM Version:           1.8.0_131-b11
21-Aug-2018 10:51:40.313 INFO [main] org.apache.catalina.startup.VersionLoggerListener.log JVM Vendor:            Oracle Corporation
21-Aug-2018 10:51:40.313 INFO [main] org.apache.catalina.startup.VersionLoggerListener.log CATALINA_BASE:         D:\NAVIS\sparcsn4
21-Aug-2018 10:51:40.329 INFO [main] org.apache.catalina.startup.VersionLoggerListener.log CATALINA_HOME:         D:\NAVIS\sparcsn4
21-Aug-2018 10:51:40.329 INFO [main] org.apache.catalina.startup.VersionLoggerListener.log Command line argument: -Dnavis.external.config.shared=D:\NAVIS\sparcsn4\conf
21-Aug-2018 10:51:40.329 INFO [main] org.apache.catalina.startup.VersionLoggerListener.log Command line argument: -Xms256M
21-Aug-2018 10:51:40.329 INFO [main] org.apache.catalina.startup.VersionLoggerListener.log Command line argument: -Xmx2000M
21-Aug-2018 10:51:40.329 INFO [main] org.apache.catalina.startup.VersionLoggerListener.log Command line argument: -XX:MaxPermSize=500M
21-Aug-2018 10:51:40.329 INFO [main] org.apache.catalina.startup.VersionLoggerListener.log Command line argument: -Dfile.encoding=UTF-8
21-Aug-2018 10:51:40.329 INFO [main] org.apache.catalina.startup.VersionLoggerListener.log Command line argument: -Dsun.jnu.encoding=UTF-8
21-Aug-2018 10:51:40.329 INFO [main] org.apache.catalina.startup.VersionLoggerListener.log Command line argument: -XX:+HeapDumpOnOutOfMemoryError
21-Aug-2018 10:51:40.329 INFO [main] org.apache.catalina.startup.VersionLoggerListener.log Command line argument: -XX:HeapDumpPath=..\logs
21-Aug-2018 10:51:40.329 INFO [main] org.apache.catalina.startup.VersionLoggerListener.log Command line argument: -XX:+UseGCLogFileRotation
21-Aug-2018 10:51:40.329 INFO [main] org.apache.catalina.startup.VersionLoggerListener.log Command line argument: -Xloggc:..\logs\gc.log
21-Aug-2018 10:51:40.329 INFO [main] org.apache.catalina.startup.VersionLoggerListener.log Command line argument: -XX:GCLogFileSize=25M
21-Aug-2018 10:51:40.329 INFO [main] org.apache.catalina.startup.VersionLoggerListener.log Command line argument: -XX:NumberOfGCLogFiles=20
21-Aug-2018 10:51:40.329 INFO [main] org.apache.catalina.startup.VersionLoggerListener.log Command line argument: -verbose:gc
21-Aug-2018 10:51:40.345 INFO [main] org.apache.catalina.startup.VersionLoggerListener.log Command line argument: -XX:+UseG1GC
21-Aug-2018 10:51:40.345 INFO [main] org.apache.catalina.startup.VersionLoggerListener.log Command line argument: -XX:+PrintGCDetails
21-Aug-2018 10:51:40.345 INFO [main] org.apache.catalina.startup.VersionLoggerListener.log Command line argument: -XX:+PrintGCDateStamps
21-Aug-2018 10:51:40.345 INFO [main] org.apache.catalina.startup.VersionLoggerListener.log Command line argument: -Dhazelcast.jmx=true
21-Aug-2018 10:51:40.345 INFO [main] org.apache.catalina.startup.VersionLoggerListener.log Command line argument: -Denvironment.container.identity=standaloneNode
21-Aug-2018 10:51:40.345 INFO [main] org.apache.catalina.startup.VersionLoggerListener.log Command line argument: -Dcom.sun.management.jmxremote
21-Aug-2018 10:51:40.345 INFO [main] org.apache.catalina.startup.VersionLoggerListener.log Command line argument: -Dcom.sun.management.jmxremote.ssl=false
21-Aug-2018 10:51:40.345 INFO [main] org.apache.catalina.startup.VersionLoggerListener.log Command line argument: -Dcom.sun.management.jmxremote.authenticate=false
21-Aug-2018 10:51:40.345 INFO [main] org.apache.catalina.startup.VersionLoggerListener.log Command line argument: -Dcom.sun.management.jmxremote.port=7020
21-Aug-2018 10:51:40.345 INFO [main] org.apache.catalina.startup.VersionLoggerListener.log Command line argument: -Dcom.navis.servlet.container.port=8280
21-Aug-2018 10:51:40.345 INFO [main] org.apache.catalina.startup.VersionLoggerListener.log Command line argument: -Djava.library.path=D:\NAVIS\sparcsn4\bin;D:\NAVIS\sparcsn4\shared\native\lib64
21-Aug-2018 10:51:40.345 INFO [main] org.apache.catalina.startup.VersionLoggerListener.log Command line argument: -Djdk.tls.ephemeralDHKeySize=2048
21-Aug-2018 10:51:40.345 INFO [main] org.apache.catalina.startup.VersionLoggerListener.log Command line argument: -Djava.util.logging.config.file=D:\NAVIS\sparcsn4\conf\logging.properties
21-Aug-2018 10:51:40.360 INFO [main] org.apache.catalina.startup.VersionLoggerListener.log Command line argument: -Djava.util.logging.manager=org.apache.juli.ClassLoaderLogManager
21-Aug-2018 10:51:40.360 INFO [main] org.apache.catalina.startup.VersionLoggerListener.log Command line argument: -Djava.endorsed.dirs=D:\NAVIS\sparcsn4\endorsed
21-Aug-2018 10:51:40.360 INFO [main] org.apache.catalina.startup.VersionLoggerListener.log Command line argument: -Dcatalina.base=D:\NAVIS\sparcsn4
21-Aug-2018 10:51:40.360 INFO [main] org.apache.catalina.startup.VersionLoggerListener.log Command line argument: -Dcatalina.home=D:\NAVIS\sparcsn4
21-Aug-2018 10:51:40.360 INFO [main] org.apache.catalina.startup.VersionLoggerListener.log Command line argument: -Djava.io.tmpdir=D:\NAVIS\sparcsn4\temp
21-Aug-2018 10:51:40.360 INFO [main] org.apache.catalina.core.AprLifecycleListener.lifecycleEvent The APR based Apache Tomcat Native library which allows optimal performance in production environments was not found on the java.library.path: D:\NAVIS\sparcsn4\bin;D:\NAVIS\sparcsn4\shared\native\lib64
21-Aug-2018 10:51:40.720 INFO [main] org.apache.coyote.AbstractProtocol.init Initializing ProtocolHandler ["http-nio-8280"]
21-Aug-2018 10:51:40.782 INFO [main] org.apache.tomcat.util.net.NioSelectorPool.getSharedSelector Using a shared selector for servlet write/read
21-Aug-2018 10:51:40.782 INFO [main] org.apache.coyote.AbstractProtocol.init Initializing ProtocolHandler ["ajp-nio-8009"]
21-Aug-2018 10:51:40.798 INFO [main] org.apache.tomcat.util.net.NioSelectorPool.getSharedSelector Using a shared selector for servlet write/read
21-Aug-2018 10:51:40.798 INFO [main] org.apache.catalina.startup.Catalina.load Initialization processed in 1413 ms
21-Aug-2018 10:51:40.891 INFO [main] org.apache.catalina.core.StandardService.startInternal Starting service Catalina
21-Aug-2018 10:51:40.891 INFO [main] org.apache.catalina.core.StandardEngine.startInternal Starting Servlet Engine: Apache Tomcat/8.0.35
21-Aug-2018 10:51:40.907 INFO [localhost-startStop-1] org.apache.catalina.startup.HostConfig.deployDirectory Deploying web application directory D:\NAVIS\sparcsn4\webapps\apex
21-Aug-2018 10:52:41.302 WARNING [localhost-startStop-1] org.apache.catalina.startup.ContextConfig.validateSecurityRoles Security role name externalVariform used in an <auth-constraint> without being defined in a <security-role>
21-Aug-2018 10:52:42.474 INFO [localhost-startStop-1] org.apache.jasper.servlet.TldScanner.scanJars At least one JAR was scanned for TLDs yet contained no TLDs. Enable debug logging for this logger for a complete list of JARs that were scanned but no TLDs were found in them. Skipping unneeded JARs during scanning can improve startup time and JSP compilation time.
21-Aug-2018 10:55:25.629 INFO [main] org.apache.catalina.startup.VersionLoggerListener.log Server version:        Apache Tomcat/8.0.35
21-Aug-2018 10:55:25.629 INFO [main] org.apache.catalina.startup.VersionLoggerListener.log Server built:          May 11 2016 21:57:08 UTC
21-Aug-2018 10:55:25.629 INFO [main] org.apache.catalina.startup.VersionLoggerListener.log Server number:         8.0.35.0
21-Aug-2018 10:55:25.629 INFO [main] org.apache.catalina.startup.VersionLoggerListener.log OS Name:               Windows 8.1
21-Aug-2018 10:55:25.629 INFO [main] org.apache.catalina.startup.VersionLoggerListener.log OS Version:            6.3
21-Aug-2018 10:55:25.629 INFO [main] org.apache.catalina.startup.VersionLoggerListener.log Architecture:          amd64
21-Aug-2018 10:55:25.629 INFO [main] org.apache.catalina.startup.VersionLoggerListener.log Java Home:             C:\Program Files\Java\jre1.8.0_131
21-Aug-2018 10:55:25.629 INFO [main] org.apache.catalina.startup.VersionLoggerListener.log JVM Version:           1.8.0_131-b11
21-Aug-2018 10:55:25.629 INFO [main] org.apache.catalina.startup.VersionLoggerListener.log JVM Vendor:            Oracle Corporation
21-Aug-2018 10:55:25.629 INFO [main] org.apache.catalina.startup.VersionLoggerListener.log CATALINA_BASE:         D:\NAVIS\sparcsn4
21-Aug-2018 10:55:25.629 INFO [main] org.apache.catalina.startup.VersionLoggerListener.log CATALINA_HOME:         D:\NAVIS\sparcsn4
21-Aug-2018 10:55:25.629 INFO [main] org.apache.catalina.startup.VersionLoggerListener.log Command line argument: -Dnavis.external.config.shared=D:\NAVIS\sparcsn4\conf
21-Aug-2018 10:55:25.629 INFO [main] org.apache.catalina.startup.VersionLoggerListener.log Command line argument: -Xms256M
21-Aug-2018 10:55:25.629 INFO [main] org.apache.catalina.startup.VersionLoggerListener.log Command line argument: -Xmx2000M
21-Aug-2018 10:55:25.645 INFO [main] org.apache.catalina.startup.VersionLoggerListener.log Command line argument: -XX:MaxPermSize=500M
21-Aug-2018 10:55:25.645 INFO [main] org.apache.catalina.startup.VersionLoggerListener.log Command line argument: -Dfile.encoding=UTF-8
21-Aug-2018 10:55:25.645 INFO [main] org.apache.catalina.startup.VersionLoggerListener.log Command line argument: -Dsun.jnu.encoding=UTF-8
21-Aug-2018 10:55:25.645 INFO [main] org.apache.catalina.startup.VersionLoggerListener.log Command line argument: -XX:+HeapDumpOnOutOfMemoryError
21-Aug-2018 10:55:25.645 INFO [main] org.apache.catalina.startup.VersionLoggerListener.log Command line argument: -XX:HeapDumpPath=..\logs
21-Aug-2018 10:55:25.645 INFO [main] org.apache.catalina.startup.VersionLoggerListener.log Command line argument: -XX:+UseGCLogFileRotation
21-Aug-2018 10:55:25.645 INFO [main] org.apache.catalina.startup.VersionLoggerListener.log Command line argument: -Xloggc:..\logs\gc.log
21-Aug-2018 10:55:25.645 INFO [main] org.apache.catalina.startup.VersionLoggerListener.log Command line argument: -XX:GCLogFileSize=25M
21-Aug-2018 10:55:25.645 INFO [main] org.apache.catalina.startup.VersionLoggerListener.log Command line argument: -XX:NumberOfGCLogFiles=20
21-Aug-2018 10:55:25.645 INFO [main] org.apache.catalina.startup.VersionLoggerListener.log Command line argument: -verbose:gc
21-Aug-2018 10:55:25.645 INFO [main] org.apache.catalina.startup.VersionLoggerListener.log Command line argument: -XX:+UseG1GC
21-Aug-2018 10:55:25.645 INFO [main] org.apache.catalina.startup.VersionLoggerListener.log Command line argument: -XX:+PrintGCDetails
21-Aug-2018 10:55:25.645 INFO [main] org.apache.catalina.startup.VersionLoggerListener.log Command line argument: -XX:+PrintGCDateStamps
21-Aug-2018 10:55:25.645 INFO [main] org.apache.catalina.startup.VersionLoggerListener.log Command line argument: -Dhazelcast.jmx=true
21-Aug-2018 10:55:25.660 INFO [main] org.apache.catalina.startup.VersionLoggerListener.log Command line argument: -Denvironment.container.identity=standaloneNode
21-Aug-2018 10:55:25.660 INFO [main] org.apache.catalina.startup.VersionLoggerListener.log Command line argument: -Dcom.sun.management.jmxremote
21-Aug-2018 10:55:25.660 INFO [main] org.apache.catalina.startup.VersionLoggerListener.log Command line argument: -Dcom.sun.management.jmxremote.ssl=false
21-Aug-2018 10:55:25.660 INFO [main] org.apache.catalina.startup.VersionLoggerListener.log Command line argument: -Dcom.sun.management.jmxremote.authenticate=false
21-Aug-2018 10:55:25.660 INFO [main] org.apache.catalina.startup.VersionLoggerListener.log Command line argument: -Dcom.sun.management.jmxremote.port=7020
21-Aug-2018 10:55:25.660 INFO [main] org.apache.catalina.startup.VersionLoggerListener.log Command line argument: -Dcom.navis.servlet.container.port=8280
21-Aug-2018 10:55:25.660 INFO [main] org.apache.catalina.startup.VersionLoggerListener.log Command line argument: -ea
21-Aug-2018 10:55:25.660 INFO [main] org.apache.catalina.startup.VersionLoggerListener.log Command line argument: -Xdebug
21-Aug-2018 10:55:25.660 INFO [main] org.apache.catalina.startup.VersionLoggerListener.log Command line argument: -Xnoagent
21-Aug-2018 10:55:25.660 INFO [main] org.apache.catalina.startup.VersionLoggerListener.log Command line argument: -Djava.compiler=NONE
21-Aug-2018 10:55:25.660 INFO [main] org.apache.catalina.startup.VersionLoggerListener.log Command line argument: -Xrunjdwp:transport=dt_socket,server=y,suspend=n,address=5005
21-Aug-2018 10:55:25.660 INFO [main] org.apache.catalina.startup.VersionLoggerListener.log Command line argument: -Djava.library.path=D:\NAVIS\sparcsn4\bin;D:\NAVIS\sparcsn4\shared\native\lib64
21-Aug-2018 10:55:25.660 INFO [main] org.apache.catalina.startup.VersionLoggerListener.log Command line argument: -Djdk.tls.ephemeralDHKeySize=2048
21-Aug-2018 10:55:25.676 INFO [main] org.apache.catalina.startup.VersionLoggerListener.log Command line argument: -Djava.util.logging.config.file=D:\NAVIS\sparcsn4\conf\logging.properties
21-Aug-2018 10:55:25.676 INFO [main] org.apache.catalina.startup.VersionLoggerListener.log Command line argument: -Djava.util.logging.manager=org.apache.juli.ClassLoaderLogManager
21-Aug-2018 10:55:25.676 INFO [main] org.apache.catalina.startup.VersionLoggerListener.log Command line argument: -Djava.endorsed.dirs=D:\NAVIS\sparcsn4\endorsed
21-Aug-2018 10:55:25.676 INFO [main] org.apache.catalina.startup.VersionLoggerListener.log Command line argument: -Dcatalina.base=D:\NAVIS\sparcsn4
21-Aug-2018 10:55:25.676 INFO [main] org.apache.catalina.startup.VersionLoggerListener.log Command line argument: -Dcatalina.home=D:\NAVIS\sparcsn4
21-Aug-2018 10:55:25.676 INFO [main] org.apache.catalina.startup.VersionLoggerListener.log Command line argument: -Djava.io.tmpdir=D:\NAVIS\sparcsn4\temp
21-Aug-2018 10:55:25.676 INFO [main] org.apache.catalina.core.AprLifecycleListener.lifecycleEvent The APR based Apache Tomcat Native library which allows optimal performance in production environments was not found on the java.library.path: D:\NAVIS\sparcsn4\bin;D:\NAVIS\sparcsn4\shared\native\lib64
21-Aug-2018 10:55:26.192 INFO [main] org.apache.coyote.AbstractProtocol.init Initializing ProtocolHandler ["http-nio-8280"]
21-Aug-2018 10:55:26.239 INFO [main] org.apache.tomcat.util.net.NioSelectorPool.getSharedSelector Using a shared selector for servlet write/read
21-Aug-2018 10:55:26.239 INFO [main] org.apache.coyote.AbstractProtocol.init Initializing ProtocolHandler ["ajp-nio-8009"]
21-Aug-2018 10:55:26.239 INFO [main] org.apache.tomcat.util.net.NioSelectorPool.getSharedSelector Using a shared selector for servlet write/read
21-Aug-2018 10:55:26.254 INFO [main] org.apache.catalina.startup.Catalina.load Initialization processed in 2213 ms
21-Aug-2018 10:55:26.364 INFO [main] org.apache.catalina.core.StandardService.startInternal Starting service Catalina
21-Aug-2018 10:55:26.364 INFO [main] org.apache.catalina.core.StandardEngine.startInternal Starting Servlet Engine: Apache Tomcat/8.0.35
21-Aug-2018 10:55:26.395 INFO [localhost-startStop-1] org.apache.catalina.startup.HostConfig.deployDirectory Deploying web application directory D:\NAVIS\sparcsn4\webapps\apex
21-Aug-2018 10:56:02.909 WARNING [localhost-startStop-1] org.apache.catalina.startup.ContextConfig.validateSecurityRoles Security role name externalVariform used in an <auth-constraint> without being defined in a <security-role>
21-Aug-2018 10:56:03.816 INFO [localhost-startStop-1] org.apache.jasper.servlet.TldScanner.scanJars At least one JAR was scanned for TLDs yet contained no TLDs. Enable debug logging for this logger for a complete list of JARs that were scanned but no TLDs were found in them. Skipping unneeded JARs during scanning can improve startup time and JSP compilation time.
