2018-08-21 10:52:42,927 INFO   [localhost-startStop-1              ] [CarinaBeanFactoryLocator:43] (   ) Creating Bean Factory classpath:META-INF/beanRefFactory.xml key=app
2018-08-21 10:52:43,224 INFO   [localhost-startStop-1              ] [CarinaBeanFactoryLocator:82] (   ) Loading: URL [jar:file:/D:/NAVIS/sparcsn4/webapps/apex/WEB-INF/lib/n4-framework.jar!/FrameworkBeanRefFactory.xml]
2018-08-21 10:52:44,115 INFO   [localhost-startStop-1              ] [CarinaBeanFactoryLocator:82] (   ) Loading: class path resource [META-INF/beanRefFactory.xml]
2018-08-21 10:52:51,693 INFO   [localhost-startStop-1              ] [AutoSpringBeanFactoryPostInitializer:22] (   ) Starting factory post initialization with:beanFactoryPostInitializer,carinaBeanFactoryPostInitializer,argoScoper,argoPropertyResolverProvider,inventoryScoper,inventoryPropertyResolverProvider,vesselScoper,vesselPropertyResolverProvider,railScoper,railPropertyResolverProvider,ediScoper,ediPropertyResolverProvider,servicesScoper,servicesPropertyResolverProvider,ordersScoper,ordersPropertyResolverProvider,cargoScoper,cargoPropertyResolverProvider,roadScoper,roadApptScoper,roadPropertyResolverProvider,mensaScoper,yardScoper,yardPropertyResolverProvider,controlScoper
2018-08-21 10:52:52,505 WARN   [localhost-startStop-1              ] [ArgoPropertyResolverRegistry:33] (   ) ArgoPropertyResolverRegistry: existing resolver overwritten for com.navis.argo.business.reference.EntitySet
2018-08-21 10:52:53,021 WARN   [localhost-startStop-1              ] [ArgoPropertyResolverRegistry:33] (   ) ArgoPropertyResolverRegistry: existing resolver overwritten for com.navis.argo.business.atoms.FreightKindEnum
2018-08-21 10:52:53,052 WARN   [localhost-startStop-1              ] [ArgoPropertyResolverRegistry:33] (   ) ArgoPropertyResolverRegistry: existing resolver overwritten for com.navis.argo.business.atoms.UnitCategoryEnum
2018-08-21 10:52:53,255 WARN   [localhost-startStop-1              ] [ArgoPropertyResolverRegistry:33] (   ) ArgoPropertyResolverRegistry: existing resolver overwritten for com.navis.argo.business.atoms.UnitCategoryEnum
2018-08-21 10:52:53,255 WARN   [localhost-startStop-1              ] [ArgoPropertyResolverRegistry:33] (   ) ArgoPropertyResolverRegistry: existing resolver overwritten for com.navis.argo.business.atoms.FreightKindEnum
2018-08-21 10:52:53,800 WARN   [localhost-startStop-1              ] [ArgoPropertyResolverRegistry:33] (   ) ArgoPropertyResolverRegistry: existing resolver overwritten for com.navis.argo.business.atoms.ExamEnum
2018-08-21 10:52:54,769 WARN   [localhost-startStop-1              ] [ArgoPropertyResolverRegistry:33] (   ) ArgoPropertyResolverRegistry: existing resolver overwritten for com.navis.argo.business.atoms.CompassDirectionEnum
2018-08-21 10:52:58,550 INFO   [localhost-startStop-1              ] [AutoSpringBeanFactoryPostInitializer:22] (   ) Starting factory post initialization with:carinaBeanFactoryPostInitializer,argoScoper,argoPropertyResolverProvider,inventoryScoper,inventoryPropertyResolverProvider,vesselScoper,vesselPropertyResolverProvider,railScoper,railPropertyResolverProvider,ediScoper,ediPropertyResolverProvider,servicesScoper,servicesPropertyResolverProvider,ordersScoper,ordersPropertyResolverProvider,cargoScoper,cargoPropertyResolverProvider,roadScoper,roadApptScoper,roadPropertyResolverProvider,mensaScoper,yardScoper,yardPropertyResolverProvider,controlScoper,beanFactoryPostInitializer,portalFactoryComponentEventPostInitializer
2018-08-21 10:52:59,316 INFO   [localhost-startStop-1              ] [DefaultServerContext:53] (   ) Application server starting... 
2018-08-21 10:52:59,347 INFO   [localhost-startStop-1              ] [DefaultServerContext:66] (   ) Following services will be initialized : initialFrameworkLifecycleService,cacheLifecycleService,persistenceLifecycleService,nodeLifecycleService,quartzLifecycleService,esbLifecycleService,securityLifecycleService,codeExtensionLifecycleService,mBeanLifecycleService,ApplicationHealthLifecycleService,clusterNodeLifecycleService,workflowLifecycleService,ilogInitLifecycleService,problemSolutionLifecycleService,networkNodeLifecycleService,jobStepConfigurationLifecycleService,xpsMessageContextLifecycleService,restWebServiceLifecycleService,yardCacheLifecycleService
2018-08-21 10:52:59,363 INFO   [localhost-startStop-1              ] [DefaultServerContext:71] (   ) Initializing initialFrameworkLifecycleService
2018-08-21 10:52:59,379 INFO   [localhost-startStop-1              ] [InitialFrameworkLifecycleService:60] (   ) --------------------------------------------------
2018-08-21 10:52:59,379 INFO   [localhost-startStop-1              ] [InitialFrameworkLifecycleService:61] (   ) Application Version=3.5.1.8 291801
2018-08-21 10:52:59,379 INFO   [localhost-startStop-1              ] [InitialFrameworkLifecycleService:62] (   ) --------------------------------------------------
2018-08-21 10:52:59,488 INFO   [localhost-startStop-1              ] [InitialFrameworkLifecycleService:65] (   ) Framework Version=8.0 291801
2018-08-21 10:52:59,488 INFO   [localhost-startStop-1              ] [InitialFrameworkLifecycleService:66] (   ) --------------------------------------------------
2018-08-21 10:52:59,535 INFO   [localhost-startStop-1              ] [InitialFrameworkLifecycleService:43] (   ) JVM Startup Parameters:
2018-08-21 10:52:59,535 INFO   [localhost-startStop-1              ] [InitialFrameworkLifecycleService:44] (   ) -Dnavis.external.config.shared=D:\NAVIS\sparcsn4\conf -Xms256M -Xmx2000M -XX:MaxPermSize=500M -Dfile.encoding=UTF-8 -Dsun.jnu.encoding=UTF-8 -XX:+HeapDumpOnOutOfMemoryError -XX:HeapDumpPath=..\logs -XX:+UseGCLogFileRotation -Xloggc:..\logs\gc.log -XX:GCLogFileSize=25M -XX:NumberOfGCLogFiles=20 -verbose:gc -XX:+UseG1GC -XX:+PrintGCDetails -XX:+PrintGCDateStamps -Dhazelcast.jmx=true -Denvironment.container.identity=standaloneNode -Dcom.sun.management.jmxremote -Dcom.sun.management.jmxremote.ssl=false -Dcom.sun.management.jmxremote.authenticate=false -Dcom.sun.management.jmxremote.port=7020 -Dcom.navis.servlet.container.port=8280 -Djava.library.path=D:\NAVIS\sparcsn4\bin;D:\NAVIS\sparcsn4\shared\native\lib64 -Djdk.tls.ephemeralDHKeySize=2048 -Djava.util.logging.config.file=D:\NAVIS\sparcsn4\conf\logging.properties -Djava.util.logging.manager=org.apache.juli.ClassLoaderLogManager -Djava.endorsed.dirs=D:\NAVIS\sparcsn4\endorsed -Dcatalina.base=D:\NAVIS\sparcsn4 -Dcatalina.home=D:\NAVIS\sparcsn4 -Djava.io.tmpdir=D:\NAVIS\sparcsn4\temp 
2018-08-21 10:52:59,535 INFO   [localhost-startStop-1              ] [InitialFrameworkLifecycleService:45] (   ) --------------------------------------------------
2018-08-21 10:52:59,550 INFO   [localhost-startStop-1              ] [DefaultServerContext:122] (   ) Service Startup for initialFrameworkLifecycleService executed in : 0.172s
2018-08-21 10:52:59,550 INFO   [localhost-startStop-1              ] [DefaultServerContext:71] (   ) Initializing cacheLifecycleService
2018-08-21 10:53:00,519 FATAL  [localhost-startStop-1              ] [DefaultServerContext:77] (   ) Application startup FAILED since cacheLifecycleService CANNOT be initialized
com.navis.framework.util.InitializationFailure: java.lang.ExceptionInInitializerError (compact stack trace follows)
com.navis.cache.hazelcast.portal.context.server.HazelcastCacheContextListener.contextInitialized(HazelcastCacheContextListener.java:34)
com.navis.framework.portal.context.server.service.CacheLifecycleService.initialize(CacheLifecycleService.java:27)
com.navis.framework.portal.context.server.DefaultServerContext.initializeServices(DefaultServerContext.java:72)
com.navis.framework.portal.context.server.DefaultServerContext.initialize(DefaultServerContext.java:57)
com.navis.framework.web.util.DefaultServletContextListener.contextInitialized(DefaultServletContextListener.java:24)
2018-08-21 10:53:00,519 FATAL  [localhost-startStop-1              ] [DefaultServerContext:78] (   ) key=ERROR__NULL_MESSAGE parms=[Unable to initialize Hazelcast. :class org.springframework.beans.PropertyBatchUpdateException:Failed properties: Property 'members' threw exception; nested exception is java.lang.IllegalArgumentException: argument 'member' can't be an empty string] root-cause=class org.springframework.beans.PropertyBatchUpdateException/Failed properties: Property 'members' threw exception; nested exception is java.lang.IllegalArgumentException: argument 'member' can't be an empty string
2018-08-21 10:56:04,269 INFO   [localhost-startStop-1              ] [CarinaBeanFactoryLocator:43] (   ) Creating Bean Factory classpath:META-INF/beanRefFactory.xml key=app
2018-08-21 10:56:04,540 INFO   [localhost-startStop-1              ] [CarinaBeanFactoryLocator:82] (   ) Loading: URL [jar:file:/D:/NAVIS/sparcsn4/webapps/apex/WEB-INF/lib/n4-framework.jar!/FrameworkBeanRefFactory.xml]
2018-08-21 10:56:05,400 INFO   [localhost-startStop-1              ] [CarinaBeanFactoryLocator:82] (   ) Loading: class path resource [META-INF/beanRefFactory.xml]
2018-08-21 10:56:13,847 INFO   [localhost-startStop-1              ] [AutoSpringBeanFactoryPostInitializer:22] (   ) Starting factory post initialization with:beanFactoryPostInitializer,carinaBeanFactoryPostInitializer,argoScoper,argoPropertyResolverProvider,inventoryScoper,inventoryPropertyResolverProvider,vesselScoper,vesselPropertyResolverProvider,railScoper,railPropertyResolverProvider,ediScoper,ediPropertyResolverProvider,servicesScoper,servicesPropertyResolverProvider,ordersScoper,ordersPropertyResolverProvider,cargoScoper,cargoPropertyResolverProvider,roadScoper,roadApptScoper,roadPropertyResolverProvider,mensaScoper,yardScoper,yardPropertyResolverProvider,controlScoper
2018-08-21 10:56:14,800 WARN   [localhost-startStop-1              ] [ArgoPropertyResolverRegistry:33] (   ) ArgoPropertyResolverRegistry: existing resolver overwritten for com.navis.argo.business.reference.EntitySet
2018-08-21 10:56:15,409 WARN   [localhost-startStop-1              ] [ArgoPropertyResolverRegistry:33] (   ) ArgoPropertyResolverRegistry: existing resolver overwritten for com.navis.argo.business.atoms.FreightKindEnum
2018-08-21 10:56:15,425 WARN   [localhost-startStop-1              ] [ArgoPropertyResolverRegistry:33] (   ) ArgoPropertyResolverRegistry: existing resolver overwritten for com.navis.argo.business.atoms.UnitCategoryEnum
2018-08-21 10:56:15,644 WARN   [localhost-startStop-1              ] [ArgoPropertyResolverRegistry:33] (   ) ArgoPropertyResolverRegistry: existing resolver overwritten for com.navis.argo.business.atoms.UnitCategoryEnum
2018-08-21 10:56:15,644 WARN   [localhost-startStop-1              ] [ArgoPropertyResolverRegistry:33] (   ) ArgoPropertyResolverRegistry: existing resolver overwritten for com.navis.argo.business.atoms.FreightKindEnum
2018-08-21 10:56:16,284 WARN   [localhost-startStop-1              ] [ArgoPropertyResolverRegistry:33] (   ) ArgoPropertyResolverRegistry: existing resolver overwritten for com.navis.argo.business.atoms.ExamEnum
2018-08-21 10:56:17,113 WARN   [localhost-startStop-1              ] [ArgoPropertyResolverRegistry:33] (   ) ArgoPropertyResolverRegistry: existing resolver overwritten for com.navis.argo.business.atoms.CompassDirectionEnum
2018-08-21 10:56:19,284 INFO   [localhost-startStop-1              ] [AutoSpringBeanFactoryPostInitializer:22] (   ) Starting factory post initialization with:carinaBeanFactoryPostInitializer,argoScoper,argoPropertyResolverProvider,inventoryScoper,inventoryPropertyResolverProvider,vesselScoper,vesselPropertyResolverProvider,railScoper,railPropertyResolverProvider,ediScoper,ediPropertyResolverProvider,servicesScoper,servicesPropertyResolverProvider,ordersScoper,ordersPropertyResolverProvider,cargoScoper,cargoPropertyResolverProvider,roadScoper,roadApptScoper,roadPropertyResolverProvider,mensaScoper,yardScoper,yardPropertyResolverProvider,controlScoper,beanFactoryPostInitializer,portalFactoryComponentEventPostInitializer
2018-08-21 10:56:19,628 INFO   [localhost-startStop-1              ] [DefaultServerContext:53] (   ) Application server starting... 
2018-08-21 10:56:19,644 INFO   [localhost-startStop-1              ] [DefaultServerContext:66] (   ) Following services will be initialized : initialFrameworkLifecycleService,cacheLifecycleService,persistenceLifecycleService,nodeLifecycleService,quartzLifecycleService,esbLifecycleService,securityLifecycleService,codeExtensionLifecycleService,mBeanLifecycleService,ApplicationHealthLifecycleService,clusterNodeLifecycleService,workflowLifecycleService,ilogInitLifecycleService,problemSolutionLifecycleService,networkNodeLifecycleService,jobStepConfigurationLifecycleService,xpsMessageContextLifecycleService,restWebServiceLifecycleService,yardCacheLifecycleService
2018-08-21 10:56:19,644 INFO   [localhost-startStop-1              ] [DefaultServerContext:71] (   ) Initializing initialFrameworkLifecycleService
2018-08-21 10:56:19,659 INFO   [localhost-startStop-1              ] [InitialFrameworkLifecycleService:60] (   ) --------------------------------------------------
2018-08-21 10:56:19,659 INFO   [localhost-startStop-1              ] [InitialFrameworkLifecycleService:61] (   ) Application Version=3.5.1.8 291801
2018-08-21 10:56:19,659 INFO   [localhost-startStop-1              ] [InitialFrameworkLifecycleService:62] (   ) --------------------------------------------------
2018-08-21 10:56:19,722 INFO   [localhost-startStop-1              ] [InitialFrameworkLifecycleService:65] (   ) Framework Version=8.0 291801
2018-08-21 10:56:19,722 INFO   [localhost-startStop-1              ] [InitialFrameworkLifecycleService:66] (   ) --------------------------------------------------
2018-08-21 10:56:19,738 INFO   [localhost-startStop-1              ] [InitialFrameworkLifecycleService:43] (   ) JVM Startup Parameters:
2018-08-21 10:56:19,738 INFO   [localhost-startStop-1              ] [InitialFrameworkLifecycleService:44] (   ) -Dnavis.external.config.shared=D:\NAVIS\sparcsn4\conf -Xms256M -Xmx2000M -XX:MaxPermSize=500M -Dfile.encoding=UTF-8 -Dsun.jnu.encoding=UTF-8 -XX:+HeapDumpOnOutOfMemoryError -XX:HeapDumpPath=..\logs -XX:+UseGCLogFileRotation -Xloggc:..\logs\gc.log -XX:GCLogFileSize=25M -XX:NumberOfGCLogFiles=20 -verbose:gc -XX:+UseG1GC -XX:+PrintGCDetails -XX:+PrintGCDateStamps -Dhazelcast.jmx=true -Denvironment.container.identity=standaloneNode -Dcom.sun.management.jmxremote -Dcom.sun.management.jmxremote.ssl=false -Dcom.sun.management.jmxremote.authenticate=false -Dcom.sun.management.jmxremote.port=7020 -Dcom.navis.servlet.container.port=8280 -ea -Xdebug -Xnoagent -Djava.compiler=NONE -Xrunjdwp:transport=dt_socket,server=y,suspend=n,address=5005 -Djava.library.path=D:\NAVIS\sparcsn4\bin;D:\NAVIS\sparcsn4\shared\native\lib64 -Djdk.tls.ephemeralDHKeySize=2048 -Djava.util.logging.config.file=D:\NAVIS\sparcsn4\conf\logging.properties -Djava.util.logging.manager=org.apache.juli.ClassLoaderLogManager -Djava.endorsed.dirs=D:\NAVIS\sparcsn4\endorsed -Dcatalina.base=D:\NAVIS\sparcsn4 -Dcatalina.home=D:\NAVIS\sparcsn4 -Djava.io.tmpdir=D:\NAVIS\sparcsn4\temp 
2018-08-21 10:56:19,738 INFO   [localhost-startStop-1              ] [InitialFrameworkLifecycleService:45] (   ) --------------------------------------------------
2018-08-21 10:56:19,738 INFO   [localhost-startStop-1              ] [DefaultServerContext:122] (   ) Service Startup for initialFrameworkLifecycleService executed in : 0.094s
2018-08-21 10:56:19,738 INFO   [localhost-startStop-1              ] [DefaultServerContext:71] (   ) Initializing cacheLifecycleService
2018-08-21 10:56:20,331 FATAL  [localhost-startStop-1              ] [DefaultServerContext:77] (   ) Application startup FAILED since cacheLifecycleService CANNOT be initialized
com.navis.framework.util.InitializationFailure: java.lang.ExceptionInInitializerError (compact stack trace follows)
com.navis.cache.hazelcast.portal.context.server.HazelcastCacheContextListener.contextInitialized(HazelcastCacheContextListener.java:34)
com.navis.framework.portal.context.server.service.CacheLifecycleService.initialize(CacheLifecycleService.java:27)
com.navis.framework.portal.context.server.DefaultServerContext.initializeServices(DefaultServerContext.java:72)
com.navis.framework.portal.context.server.DefaultServerContext.initialize(DefaultServerContext.java:57)
com.navis.framework.web.util.DefaultServletContextListener.contextInitialized(DefaultServletContextListener.java:24)
2018-08-21 10:56:20,347 FATAL  [localhost-startStop-1              ] [DefaultServerContext:78] (   ) key=ERROR__NULL_MESSAGE parms=[Unable to initialize Hazelcast. :class org.springframework.beans.PropertyBatchUpdateException:Failed properties: Property 'members' threw exception; nested exception is java.lang.IllegalArgumentException: argument 'member' can't be an empty string] root-cause=class org.springframework.beans.PropertyBatchUpdateException/Failed properties: Property 'members' threw exception; nested exception is java.lang.IllegalArgumentException: argument 'member' can't be an empty string
